mode: set
github.com/TrebuchetDynamics/polygolem/cmd/eoa_key_scout/main.go:29.13,30.30 1 0
github.com/TrebuchetDynamics/polygolem/cmd/eoa_key_scout/main.go:30.30,33.3 2 0
github.com/TrebuchetDynamics/polygolem/cmd/eoa_key_scout/main.go:36.18,37.54 1 1
github.com/TrebuchetDynamics/polygolem/cmd/eoa_key_scout/main.go:37.54,39.3 1 1
github.com/TrebuchetDynamics/polygolem/cmd/eoa_key_scout/main.go:41.2,45.47 3 0
github.com/TrebuchetDynamics/polygolem/cmd/eoa_key_scout/main.go:45.47,47.3 1 0
github.com/TrebuchetDynamics/polygolem/cmd/eoa_key_scout/main.go:48.2,53.16 4 0
github.com/TrebuchetDynamics/polygolem/cmd/eoa_key_scout/main.go:53.16,55.3 1 0
github.com/TrebuchetDynamics/polygolem/cmd/eoa_key_scout/main.go:56.2,57.16 2 0
github.com/TrebuchetDynamics/polygolem/cmd/eoa_key_scout/main.go:57.16,59.3 1 0
github.com/TrebuchetDynamics/polygolem/cmd/eoa_key_scout/main.go:60.2,60.43 1 0
github.com/TrebuchetDynamics/polygolem/cmd/eoa_key_scout/main.go:60.43,62.3 1 0
github.com/TrebuchetDynamics/polygolem/cmd/eoa_key_scout/main.go:63.2,68.16 4 0
github.com/TrebuchetDynamics/polygolem/cmd/eoa_key_scout/main.go:68.16,70.3 1 0
github.com/TrebuchetDynamics/polygolem/cmd/eoa_key_scout/main.go:71.2,77.16 5 0
github.com/TrebuchetDynamics/polygolem/cmd/eoa_key_scout/main.go:77.16,79.3 1 0
github.com/TrebuchetDynamics/polygolem/cmd/eoa_key_scout/main.go:80.2,85.16 4 0
github.com/TrebuchetDynamics/polygolem/cmd/eoa_key_scout/main.go:85.16,87.3 1 0
github.com/TrebuchetDynamics/polygolem/cmd/eoa_key_scout/main.go:89.2,92.31 4 0
github.com/TrebuchetDynamics/polygolem/cmd/eoa_key_scout/main.go:92.31,94.3 1 0
github.com/TrebuchetDynamics/polygolem/cmd/eoa_key_scout/main.go:95.2,96.16 2 0
github.com/TrebuchetDynamics/polygolem/cmd/eoa_key_scout/main.go:96.16,98.3 1 0
github.com/TrebuchetDynamics/polygolem/cmd/eoa_key_scout/main.go:99.2,102.60 4 0
github.com/TrebuchetDynamics/polygolem/cmd/eoa_key_scout/main.go:102.60,104.3 1 0
github.com/TrebuchetDynamics/polygolem/cmd/eoa_key_scout/main.go:106.2,117.16 6 0
github.com/TrebuchetDynamics/polygolem/cmd/eoa_key_scout/main.go:117.16,119.3 1 0
github.com/TrebuchetDynamics/polygolem/cmd/eoa_key_scout/main.go:120.2,120.107 1 0
github.com/TrebuchetDynamics/polygolem/cmd/eoa_key_scout/main.go:120.107,122.3 1 0
github.com/TrebuchetDynamics/polygolem/cmd/eoa_key_scout/main.go:125.2,127.16 3 0
github.com/TrebuchetDynamics/polygolem/cmd/eoa_key_scout/main.go:127.16,129.3 1 0
github.com/TrebuchetDynamics/polygolem/cmd/eoa_key_scout/main.go:130.2,130.103 1 0
github.com/TrebuchetDynamics/polygolem/cmd/eoa_key_scout/main.go:130.103,132.3 1 0
github.com/TrebuchetDynamics/polygolem/cmd/eoa_key_scout/main.go:134.2,134.12 1 0
github.com/TrebuchetDynamics/polygolem/cmd/eoa_key_scout/main.go:141.76,148.16 3 0
github.com/TrebuchetDynamics/polygolem/cmd/eoa_key_scout/main.go:148.16,150.3 1 0
github.com/TrebuchetDynamics/polygolem/cmd/eoa_key_scout/main.go:151.2,156.30 5 0
github.com/TrebuchetDynamics/polygolem/cmd/eoa_key_scout/main.go:156.30,158.3 1 0
github.com/TrebuchetDynamics/polygolem/cmd/eoa_key_scout/main.go:160.2,161.16 2 0
github.com/TrebuchetDynamics/polygolem/cmd/eoa_key_scout/main.go:161.16,163.3 1 0
github.com/TrebuchetDynamics/polygolem/cmd/eoa_key_scout/main.go:164.2,169.81 5 0
github.com/TrebuchetDynamics/polygolem/cmd/eoa_key_scout/main.go:169.81,171.3 1 0
github.com/TrebuchetDynamics/polygolem/cmd/eoa_key_scout/main.go:171.8,171.99 1 0
github.com/TrebuchetDynamics/polygolem/cmd/eoa_key_scout/main.go:171.99,173.3 1 0
github.com/TrebuchetDynamics/polygolem/cmd/eoa_key_scout/main.go:173.8,173.192 1 0
github.com/TrebuchetDynamics/polygolem/cmd/eoa_key_scout/main.go:173.192,175.3 1 0
github.com/TrebuchetDynamics/polygolem/cmd/eoa_key_scout/main.go:175.8,175.71 1 0
github.com/TrebuchetDynamics/polygolem/cmd/eoa_key_scout/main.go:175.71,177.3 1 0
github.com/TrebuchetDynamics/polygolem/cmd/eoa_key_scout/main.go:177.8,179.3 1 0
github.com/TrebuchetDynamics/polygolem/cmd/eoa_key_scout/main.go:180.2,180.12 1 0
github.com/TrebuchetDynamics/polygolem/cmd/eoa_key_scout/main.go:183.113,185.16 2 0
github.com/TrebuchetDynamics/polygolem/cmd/eoa_key_scout/main.go:185.16,187.3 1 0
github.com/TrebuchetDynamics/polygolem/cmd/eoa_key_scout/main.go:188.2,189.16 2 0
github.com/TrebuchetDynamics/polygolem/cmd/eoa_key_scout/main.go:189.16,191.3 1 0
github.com/TrebuchetDynamics/polygolem/cmd/eoa_key_scout/main.go:192.2,193.16 2 0
github.com/TrebuchetDynamics/polygolem/cmd/eoa_key_scout/main.go:193.16,195.3 1 0
github.com/TrebuchetDynamics/polygolem/cmd/eoa_key_scout/main.go:196.2,196.47 1 0
github.com/TrebuchetDynamics/polygolem/cmd/eoa_key_scout/main.go:199.106,221.2 1 0
github.com/TrebuchetDynamics/polygolem/cmd/live_siwe_probe/main.go:41.13,42.30 1 0
github.com/TrebuchetDynamics/polygolem/cmd/live_siwe_probe/main.go:42.30,45.3 2 0
github.com/TrebuchetDynamics/polygolem/cmd/live_siwe_probe/main.go:48.18,50.47 2 0
github.com/TrebuchetDynamics/polygolem/cmd/live_siwe_probe/main.go:50.47,52.3 1 0
github.com/TrebuchetDynamics/polygolem/cmd/live_siwe_probe/main.go:53.2,56.16 3 0
github.com/TrebuchetDynamics/polygolem/cmd/live_siwe_probe/main.go:56.16,58.3 1 0
github.com/TrebuchetDynamics/polygolem/cmd/live_siwe_probe/main.go:59.2,65.16 5 0
github.com/TrebuchetDynamics/polygolem/cmd/live_siwe_probe/main.go:65.16,67.3 1 0
github.com/TrebuchetDynamics/polygolem/cmd/live_siwe_probe/main.go:71.2,75.16 4 0
github.com/TrebuchetDynamics/polygolem/cmd/live_siwe_probe/main.go:75.16,77.3 1 0
github.com/TrebuchetDynamics/polygolem/cmd/live_siwe_probe/main.go:79.2,80.43 2 0
github.com/TrebuchetDynamics/polygolem/cmd/live_siwe_probe/main.go:80.43,82.3 1 0
github.com/TrebuchetDynamics/polygolem/cmd/live_siwe_probe/main.go:84.2,86.28 3 0
github.com/TrebuchetDynamics/polygolem/cmd/live_siwe_probe/main.go:86.28,88.20 2 0
github.com/TrebuchetDynamics/polygolem/cmd/live_siwe_probe/main.go:88.20,90.4 1 0
github.com/TrebuchetDynamics/polygolem/cmd/live_siwe_probe/main.go:91.3,92.56 1 0
github.com/TrebuchetDynamics/polygolem/cmd/live_siwe_probe/main.go:95.2,97.35 3 0
github.com/TrebuchetDynamics/polygolem/cmd/live_siwe_probe/main.go:97.35,99.3 1 0
github.com/TrebuchetDynamics/polygolem/cmd/live_siwe_probe/main.go:101.2,101.30 1 0
github.com/TrebuchetDynamics/polygolem/cmd/live_siwe_probe/main.go:101.30,104.3 2 0
github.com/TrebuchetDynamics/polygolem/cmd/live_siwe_probe/main.go:106.2,108.16 3 0
github.com/TrebuchetDynamics/polygolem/cmd/live_siwe_probe/main.go:108.16,110.3 1 0
github.com/TrebuchetDynamics/polygolem/cmd/live_siwe_probe/main.go:111.2,115.16 4 0
github.com/TrebuchetDynamics/polygolem/cmd/live_siwe_probe/main.go:115.16,118.3 2 0
github.com/TrebuchetDynamics/polygolem/cmd/live_siwe_probe/main.go:119.2,127.45 5 0
github.com/TrebuchetDynamics/polygolem/cmd/live_siwe_probe/main.go:127.45,129.18 2 0
github.com/TrebuchetDynamics/polygolem/cmd/live_siwe_probe/main.go:129.18,131.4 1 0
github.com/TrebuchetDynamics/polygolem/cmd/live_siwe_probe/main.go:131.9,131.21 1 0
github.com/TrebuchetDynamics/polygolem/cmd/live_siwe_probe/main.go:131.21,133.9 2 0
github.com/TrebuchetDynamics/polygolem/cmd/live_siwe_probe/main.go:135.3,135.20 1 0
github.com/TrebuchetDynamics/polygolem/cmd/live_siwe_probe/main.go:135.20,137.4 1 0
github.com/TrebuchetDynamics/polygolem/cmd/live_siwe_probe/main.go:138.3,138.10 1 0
github.com/TrebuchetDynamics/polygolem/cmd/live_siwe_probe/main.go:139.21,140.20 1 0
github.com/TrebuchetDynamics/polygolem/cmd/live_siwe_probe/main.go:141.38,141.38 0 0
github.com/TrebuchetDynamics/polygolem/cmd/live_siwe_probe/main.go:147.2,149.22 3 0
github.com/TrebuchetDynamics/polygolem/cmd/live_siwe_probe/main.go:149.22,151.3 1 0
github.com/TrebuchetDynamics/polygolem/cmd/live_siwe_probe/main.go:151.8,154.3 2 0
github.com/TrebuchetDynamics/polygolem/cmd/live_siwe_probe/main.go:159.2,161.16 3 0
github.com/TrebuchetDynamics/polygolem/cmd/live_siwe_probe/main.go:161.16,163.3 1 0
github.com/TrebuchetDynamics/polygolem/cmd/live_siwe_probe/main.go:164.2,171.35 7 0
github.com/TrebuchetDynamics/polygolem/cmd/live_siwe_probe/main.go:171.35,173.3 1 0
github.com/TrebuchetDynamics/polygolem/cmd/live_siwe_probe/main.go:174.2,174.24 1 0
github.com/TrebuchetDynamics/polygolem/cmd/live_siwe_probe/main.go:174.24,176.3 1 0
github.com/TrebuchetDynamics/polygolem/cmd/live_siwe_probe/main.go:177.2,178.16 2 0
github.com/TrebuchetDynamics/polygolem/cmd/live_siwe_probe/main.go:178.16,180.3 1 0
github.com/TrebuchetDynamics/polygolem/cmd/live_siwe_probe/main.go:181.2,185.60 4 0
github.com/TrebuchetDynamics/polygolem/cmd/live_siwe_probe/main.go:185.60,190.17 4 0
github.com/TrebuchetDynamics/polygolem/cmd/live_siwe_probe/main.go:190.17,193.4 2 0
github.com/TrebuchetDynamics/polygolem/cmd/live_siwe_probe/main.go:194.3,194.113 1 0
github.com/TrebuchetDynamics/polygolem/cmd/live_siwe_probe/main.go:198.2,204.26 3 0
github.com/TrebuchetDynamics/polygolem/cmd/live_siwe_probe/main.go:204.26,206.3 1 0
github.com/TrebuchetDynamics/polygolem/cmd/live_siwe_probe/main.go:208.2,209.54 2 0
github.com/TrebuchetDynamics/polygolem/cmd/live_siwe_probe/main.go:209.54,211.3 1 0
github.com/TrebuchetDynamics/polygolem/cmd/live_siwe_probe/main.go:213.2,214.12 2 0
github.com/TrebuchetDynamics/polygolem/cmd/live_siwe_probe/main.go:217.117,219.16 2 0
github.com/TrebuchetDynamics/polygolem/cmd/live_siwe_probe/main.go:219.16,221.3 1 0
github.com/TrebuchetDynamics/polygolem/cmd/live_siwe_probe/main.go:222.2,223.16 2 0
github.com/TrebuchetDynamics/polygolem/cmd/live_siwe_probe/main.go:223.16,225.3 1 0
github.com/TrebuchetDynamics/polygolem/cmd/live_siwe_probe/main.go:226.2,227.16 2 0
github.com/TrebuchetDynamics/polygolem/cmd/live_siwe_probe/main.go:227.16,229.3 1 0
github.com/TrebuchetDynamics/polygolem/cmd/live_siwe_probe/main.go:230.2,230.47 1 0
github.com/TrebuchetDynamics/polygolem/cmd/live_siwe_probe/main.go:233.72,245.16 4 0
github.com/TrebuchetDynamics/polygolem/cmd/live_siwe_probe/main.go:245.16,252.93 2 0
github.com/TrebuchetDynamics/polygolem/cmd/live_siwe_probe/main.go:252.93,254.4 1 0
github.com/TrebuchetDynamics/polygolem/cmd/live_siwe_probe/main.go:254.9,254.193 1 0
github.com/TrebuchetDynamics/polygolem/cmd/live_siwe_probe/main.go:254.193,256.4 1 0
github.com/TrebuchetDynamics/polygolem/cmd/live_siwe_probe/main.go:256.9,258.4 1 0
github.com/TrebuchetDynamics/polygolem/cmd/live_siwe_probe/main.go:259.3,259.13 1 0
github.com/TrebuchetDynamics/polygolem/cmd/live_siwe_probe/main.go:261.2,262.12 2 0
github.com/TrebuchetDynamics/polygolem/cmd/live_siwe_probe/main.go:265.91,275.16 5 0
github.com/TrebuchetDynamics/polygolem/cmd/live_siwe_probe/main.go:275.16,277.3 1 0
github.com/TrebuchetDynamics/polygolem/cmd/live_siwe_probe/main.go:278.2,280.36 3 0
github.com/TrebuchetDynamics/polygolem/cmd/live_siwe_probe/main.go:280.36,282.3 1 0
github.com/TrebuchetDynamics/polygolem/cmd/live_siwe_probe/main.go:284.2,285.16 2 0
github.com/TrebuchetDynamics/polygolem/cmd/live_siwe_probe/main.go:285.16,287.3 1 0
github.com/TrebuchetDynamics/polygolem/cmd/live_siwe_probe/main.go:288.2,292.24 4 0
github.com/TrebuchetDynamics/polygolem/cmd/live_siwe_probe/main.go:292.24,294.3 1 0
github.com/TrebuchetDynamics/polygolem/cmd/live_siwe_probe/main.go:295.2,296.54 2 0
github.com/TrebuchetDynamics/polygolem/cmd/live_siwe_probe/main.go:296.54,299.3 2 0
github.com/TrebuchetDynamics/polygolem/cmd/live_siwe_probe/main.go:300.2,300.47 1 0
github.com/TrebuchetDynamics/polygolem/cmd/live_siwe_probe/main.go:303.106,309.90 2 0
github.com/TrebuchetDynamics/polygolem/cmd/live_siwe_probe/main.go:309.90,311.3 1 0
github.com/TrebuchetDynamics/polygolem/cmd/live_siwe_probe/main.go:314.2,315.111 2 0
github.com/TrebuchetDynamics/polygolem/cmd/live_siwe_probe/main.go:315.111,317.3 1 0
github.com/TrebuchetDynamics/polygolem/cmd/live_siwe_probe/main.go:318.2,318.12 1 0
github.com/TrebuchetDynamics/polygolem/cmd/live_siwe_probe/main.go:321.112,324.16 3 0
github.com/TrebuchetDynamics/polygolem/cmd/live_siwe_probe/main.go:324.16,326.3 1 0
github.com/TrebuchetDynamics/polygolem/cmd/live_siwe_probe/main.go:327.2,329.31 3 0
github.com/TrebuchetDynamics/polygolem/cmd/live_siwe_probe/main.go:329.31,331.3 1 0
github.com/TrebuchetDynamics/polygolem/cmd/live_siwe_probe/main.go:333.2,334.16 2 0
github.com/TrebuchetDynamics/polygolem/cmd/live_siwe_probe/main.go:334.16,336.3 1 0
github.com/TrebuchetDynamics/polygolem/cmd/live_siwe_probe/main.go:337.2,341.24 4 0
github.com/TrebuchetDynamics/polygolem/cmd/live_siwe_probe/main.go:341.24,343.3 1 0
github.com/TrebuchetDynamics/polygolem/cmd/live_siwe_probe/main.go:344.2,345.54 2 0
github.com/TrebuchetDynamics/polygolem/cmd/live_siwe_probe/main.go:345.54,348.3 2 0
github.com/TrebuchetDynamics/polygolem/cmd/live_siwe_probe/main.go:349.2,349.47 1 0
github.com/TrebuchetDynamics/polygolem/cmd/live_siwe_probe/main.go:352.55,354.28 2 0
github.com/TrebuchetDynamics/polygolem/cmd/live_siwe_probe/main.go:354.28,355.12 1 0
github.com/TrebuchetDynamics/polygolem/cmd/live_siwe_probe/main.go:355.12,357.4 1 0
github.com/TrebuchetDynamics/polygolem/cmd/live_siwe_probe/main.go:358.3,358.55 1 0
github.com/TrebuchetDynamics/polygolem/cmd/live_siwe_probe/main.go:360.2,360.22 1 0
github.com/TrebuchetDynamics/polygolem/cmd/live_siwe_probe/main.go:367.105,368.19 1 1
github.com/TrebuchetDynamics/polygolem/cmd/live_siwe_probe/main.go:368.19,370.3 1 0
github.com/TrebuchetDynamics/polygolem/cmd/live_siwe_probe/main.go:371.2,379.16 4 1
github.com/TrebuchetDynamics/polygolem/cmd/live_siwe_probe/main.go:379.16,381.3 1 0
github.com/TrebuchetDynamics/polygolem/cmd/live_siwe_probe/main.go:382.2,384.16 3 1
github.com/TrebuchetDynamics/polygolem/cmd/live_siwe_probe/main.go:384.16,386.3 1 0
github.com/TrebuchetDynamics/polygolem/cmd/live_siwe_probe/main.go:387.2,395.55 4 1
github.com/TrebuchetDynamics/polygolem/cmd/live_siwe_probe/main.go:395.55,397.3 1 0
github.com/TrebuchetDynamics/polygolem/cmd/live_siwe_probe/main.go:398.2,398.22 1 1
github.com/TrebuchetDynamics/polygolem/cmd/live_siwe_probe/main.go:398.22,400.3 1 0
github.com/TrebuchetDynamics/polygolem/cmd/live_siwe_probe/main.go:402.2,402.33 1 1
github.com/TrebuchetDynamics/polygolem/cmd/live_siwe_probe/main.go:405.45,406.31 1 1
github.com/TrebuchetDynamics/polygolem/cmd/live_siwe_probe/main.go:406.31,408.18 2 1
github.com/TrebuchetDynamics/polygolem/cmd/live_siwe_probe/main.go:408.18,410.4 1 1
github.com/TrebuchetDynamics/polygolem/cmd/live_siwe_probe/main.go:412.2,412.11 1 0
github.com/TrebuchetDynamics/polygolem/internal/auth/auth.go:18.38,19.11 1 0
github.com/TrebuchetDynamics/polygolem/internal/auth/auth.go:20.10,21.14 1 0
github.com/TrebuchetDynamics/polygolem/internal/auth/auth.go:22.10,23.14 1 0
github.com/TrebuchetDynamics/polygolem/internal/auth/auth.go:24.10,25.14 1 0
github.com/TrebuchetDynamics/polygolem/internal/auth/auth.go:26.10,27.31 1 0
github.com/TrebuchetDynamics/polygolem/internal/auth/auth.go:38.35,39.14 1 1
github.com/TrebuchetDynamics/polygolem/internal/auth/auth.go:39.14,41.3 1 0
github.com/TrebuchetDynamics/polygolem/internal/auth/auth.go:42.2,42.17 1 1
github.com/TrebuchetDynamics/polygolem/internal/auth/auth.go:42.17,44.3 1 1
github.com/TrebuchetDynamics/polygolem/internal/auth/auth.go:45.2,45.20 1 1
github.com/TrebuchetDynamics/polygolem/internal/auth/auth.go:45.20,47.3 1 0
github.com/TrebuchetDynamics/polygolem/internal/auth/auth.go:48.2,48.24 1 1
github.com/TrebuchetDynamics/polygolem/internal/auth/auth.go:48.24,50.3 1 0
github.com/TrebuchetDynamics/polygolem/internal/auth/auth.go:51.2,51.12 1 1
github.com/TrebuchetDynamics/polygolem/internal/auth/auth.go:54.36,60.2 1 1
github.com/TrebuchetDynamics/polygolem/internal/auth/auth.go:70.39,72.2 1 1
github.com/TrebuchetDynamics/polygolem/internal/auth/auth.go:75.30,76.13 1 1
github.com/TrebuchetDynamics/polygolem/internal/auth/auth.go:76.13,78.3 1 1
github.com/TrebuchetDynamics/polygolem/internal/auth/auth.go:79.2,79.17 1 1
github.com/TrebuchetDynamics/polygolem/internal/auth/auth.go:79.17,81.3 1 1
github.com/TrebuchetDynamics/polygolem/internal/auth/auth.go:82.2,82.37 1 1
github.com/TrebuchetDynamics/polygolem/internal/auth/auth.go:113.40,114.16 1 1
github.com/TrebuchetDynamics/polygolem/internal/auth/auth.go:114.16,116.3 1 1
github.com/TrebuchetDynamics/polygolem/internal/auth/auth.go:117.2,117.12 1 1
github.com/TrebuchetDynamics/polygolem/internal/auth/auth.go:121.40,122.16 1 1
github.com/TrebuchetDynamics/polygolem/internal/auth/auth.go:122.16,124.3 1 1
github.com/TrebuchetDynamics/polygolem/internal/auth/auth.go:125.2,125.12 1 1
github.com/TrebuchetDynamics/polygolem/internal/auth/eip712.go:63.84,74.2 7 1
github.com/TrebuchetDynamics/polygolem/internal/auth/eip712.go:76.107,86.2 8 1
github.com/TrebuchetDynamics/polygolem/internal/auth/eip712.go:88.81,90.27 2 1
github.com/TrebuchetDynamics/polygolem/internal/auth/eip712.go:90.27,91.12 1 1
github.com/TrebuchetDynamics/polygolem/internal/auth/eip712.go:91.12,93.4 1 1
github.com/TrebuchetDynamics/polygolem/internal/auth/eip712.go:94.3,94.35 1 1
github.com/TrebuchetDynamics/polygolem/internal/auth/eip712.go:96.2,97.35 2 1
github.com/TrebuchetDynamics/polygolem/internal/auth/eip712.go:100.84,102.27 2 1
github.com/TrebuchetDynamics/polygolem/internal/auth/eip712.go:102.27,104.17 2 1
github.com/TrebuchetDynamics/polygolem/internal/auth/eip712.go:105.17,106.58 1 1
github.com/TrebuchetDynamics/polygolem/internal/auth/eip712.go:107.18,108.59 1 1
github.com/TrebuchetDynamics/polygolem/internal/auth/eip712.go:109.18,110.59 1 1
github.com/TrebuchetDynamics/polygolem/internal/auth/eip712.go:111.11,112.14 1 0
github.com/TrebuchetDynamics/polygolem/internal/auth/eip712.go:115.2,115.16 1 1
github.com/TrebuchetDynamics/polygolem/internal/auth/eip712.go:118.49,124.2 1 1
github.com/TrebuchetDynamics/polygolem/internal/auth/eip712.go:126.53,133.2 1 1
github.com/TrebuchetDynamics/polygolem/internal/auth/eip712.go:135.34,138.2 2 1
github.com/TrebuchetDynamics/polygolem/internal/auth/eip712.go:140.36,142.2 1 1
github.com/TrebuchetDynamics/polygolem/internal/auth/eip712.go:144.40,147.42 2 1
github.com/TrebuchetDynamics/polygolem/internal/auth/eip712.go:147.42,149.3 1 1
github.com/TrebuchetDynamics/polygolem/internal/auth/eip712.go:150.2,152.10 3 1
github.com/TrebuchetDynamics/polygolem/internal/auth/eip712.go:155.37,157.9 2 1
github.com/TrebuchetDynamics/polygolem/internal/auth/eip712.go:157.9,159.3 1 0
github.com/TrebuchetDynamics/polygolem/internal/auth/eip712.go:160.2,163.15 4 1
github.com/TrebuchetDynamics/polygolem/internal/auth/eip712.go:166.45,169.2 2 1
github.com/TrebuchetDynamics/polygolem/internal/auth/eip712.go:171.38,177.2 5 1
github.com/TrebuchetDynamics/polygolem/internal/auth/eip712.go:179.36,180.19 1 1
github.com/TrebuchetDynamics/polygolem/internal/auth/eip712.go:180.19,182.3 1 0
github.com/TrebuchetDynamics/polygolem/internal/auth/eip712.go:183.2,183.21 1 1
github.com/TrebuchetDynamics/polygolem/internal/auth/eip712.go:183.21,185.3 1 0
github.com/TrebuchetDynamics/polygolem/internal/auth/eip712.go:186.2,187.35 2 1
github.com/TrebuchetDynamics/polygolem/internal/auth/eip712.go:187.35,189.3 1 1
github.com/TrebuchetDynamics/polygolem/internal/auth/eip712.go:190.2,190.10 1 1
github.com/TrebuchetDynamics/polygolem/internal/auth/eip712.go:195.125,208.2 3 0
github.com/TrebuchetDynamics/polygolem/internal/auth/eip712.go:211.104,218.2 1 0
github.com/TrebuchetDynamics/polygolem/internal/auth/eip712.go:238.80,262.2 1 0
github.com/TrebuchetDynamics/polygolem/internal/auth/eip712.go:265.51,272.2 1 0
github.com/TrebuchetDynamics/polygolem/internal/auth/eip712.go:278.100,281.16 3 0
github.com/TrebuchetDynamics/polygolem/internal/auth/eip712.go:281.16,283.3 1 0
github.com/TrebuchetDynamics/polygolem/internal/auth/eip712.go:284.2,284.47 1 0
github.com/TrebuchetDynamics/polygolem/internal/auth/erc7739.go:35.176,36.19 1 1
github.com/TrebuchetDynamics/polygolem/internal/auth/erc7739.go:36.19,38.3 1 0
github.com/TrebuchetDynamics/polygolem/internal/auth/erc7739.go:39.2,39.32 1 1
github.com/TrebuchetDynamics/polygolem/internal/auth/erc7739.go:39.32,41.3 1 0
github.com/TrebuchetDynamics/polygolem/internal/auth/erc7739.go:42.2,42.58 1 1
github.com/TrebuchetDynamics/polygolem/internal/auth/erc7739.go:42.58,44.3 1 0
github.com/TrebuchetDynamics/polygolem/internal/auth/erc7739.go:48.2,82.16 17 1
github.com/TrebuchetDynamics/polygolem/internal/auth/erc7739.go:82.16,84.3 1 0
github.com/TrebuchetDynamics/polygolem/internal/auth/erc7739.go:86.2,94.44 9 1
github.com/TrebuchetDynamics/polygolem/internal/auth/erc7739.go:100.61,101.33 1 1
github.com/TrebuchetDynamics/polygolem/internal/auth/erc7739.go:101.33,102.15 1 1
github.com/TrebuchetDynamics/polygolem/internal/auth/erc7739.go:102.15,104.4 1 1
github.com/TrebuchetDynamics/polygolem/internal/auth/erc7739.go:106.2,106.21 1 0
github.com/TrebuchetDynamics/polygolem/internal/auth/l1.go:17.129,19.2 1 1
github.com/TrebuchetDynamics/polygolem/internal/auth/l1.go:34.160,35.32 1 1
github.com/TrebuchetDynamics/polygolem/internal/auth/l1.go:35.32,37.3 1 1
github.com/TrebuchetDynamics/polygolem/internal/auth/l1.go:38.2,39.16 2 1
github.com/TrebuchetDynamics/polygolem/internal/auth/l1.go:39.16,41.3 1 0
github.com/TrebuchetDynamics/polygolem/internal/auth/l1.go:42.2,42.20 1 1
github.com/TrebuchetDynamics/polygolem/internal/auth/l1.go:42.20,44.3 1 0
github.com/TrebuchetDynamics/polygolem/internal/auth/l1.go:47.2,76.16 3 1
github.com/TrebuchetDynamics/polygolem/internal/auth/l1.go:76.16,78.3 1 0
github.com/TrebuchetDynamics/polygolem/internal/auth/l1.go:79.2,80.24 2 1
github.com/TrebuchetDynamics/polygolem/internal/auth/l1.go:80.24,82.3 1 0
github.com/TrebuchetDynamics/polygolem/internal/auth/l1.go:83.2,89.16 6 1
github.com/TrebuchetDynamics/polygolem/internal/auth/l1.go:89.16,91.3 1 0
github.com/TrebuchetDynamics/polygolem/internal/auth/l1.go:92.2,97.8 1 1
github.com/TrebuchetDynamics/polygolem/internal/auth/l1.go:107.146,109.16 2 1
github.com/TrebuchetDynamics/polygolem/internal/auth/l1.go:109.16,111.3 1 0
github.com/TrebuchetDynamics/polygolem/internal/auth/l1.go:112.2,112.20 1 1
github.com/TrebuchetDynamics/polygolem/internal/auth/l1.go:112.20,114.3 1 0
github.com/TrebuchetDynamics/polygolem/internal/auth/l1.go:115.2,116.23 2 1
github.com/TrebuchetDynamics/polygolem/internal/auth/l1.go:116.23,118.3 1 1
github.com/TrebuchetDynamics/polygolem/internal/auth/l1.go:119.2,147.16 3 1
github.com/TrebuchetDynamics/polygolem/internal/auth/l1.go:147.16,149.3 1 0
github.com/TrebuchetDynamics/polygolem/internal/auth/l1.go:150.2,151.16 2 1
github.com/TrebuchetDynamics/polygolem/internal/auth/l1.go:151.16,153.3 1 0
github.com/TrebuchetDynamics/polygolem/internal/auth/l1.go:154.2,154.18 1 1
github.com/TrebuchetDynamics/polygolem/internal/auth/l1.go:154.18,156.3 1 1
github.com/TrebuchetDynamics/polygolem/internal/auth/l1.go:157.2,162.8 1 1
github.com/TrebuchetDynamics/polygolem/internal/auth/l2.go:15.116,16.42 1 1
github.com/TrebuchetDynamics/polygolem/internal/auth/l2.go:16.42,18.3 1 1
github.com/TrebuchetDynamics/polygolem/internal/auth/l2.go:19.2,25.8 2 1
github.com/TrebuchetDynamics/polygolem/internal/auth/l2.go:29.89,31.16 2 1
github.com/TrebuchetDynamics/polygolem/internal/auth/l2.go:31.16,34.3 1 0
github.com/TrebuchetDynamics/polygolem/internal/auth/l2.go:35.2,36.17 2 1
github.com/TrebuchetDynamics/polygolem/internal/auth/l2.go:36.17,38.3 1 1
github.com/TrebuchetDynamics/polygolem/internal/auth/l2.go:39.2,45.12 6 1
github.com/TrebuchetDynamics/polygolem/internal/auth/l2.go:48.54,54.4 1 1
github.com/TrebuchetDynamics/polygolem/internal/auth/l2.go:54.4,56.17 2 1
github.com/TrebuchetDynamics/polygolem/internal/auth/l2.go:56.17,58.4 1 1
github.com/TrebuchetDynamics/polygolem/internal/auth/l2.go:60.2,60.49 1 0
github.com/TrebuchetDynamics/polygolem/internal/auth/l2.go:65.124,66.17 1 1
github.com/TrebuchetDynamics/polygolem/internal/auth/l2.go:66.17,68.3 1 0
github.com/TrebuchetDynamics/polygolem/internal/auth/l2.go:69.2,75.8 2 1
github.com/TrebuchetDynamics/polygolem/internal/auth/l2.go:79.35,82.23 3 1
github.com/TrebuchetDynamics/polygolem/internal/auth/l2.go:82.23,83.16 1 1
github.com/TrebuchetDynamics/polygolem/internal/auth/l2.go:83.16,86.4 2 1
github.com/TrebuchetDynamics/polygolem/internal/auth/l2.go:86.9,86.22 1 1
github.com/TrebuchetDynamics/polygolem/internal/auth/l2.go:86.22,88.4 1 1
github.com/TrebuchetDynamics/polygolem/internal/auth/l2.go:88.9,88.65 1 1
github.com/TrebuchetDynamics/polygolem/internal/auth/l2.go:88.65,90.4 1 1
github.com/TrebuchetDynamics/polygolem/internal/auth/l2.go:92.2,92.24 1 1
github.com/TrebuchetDynamics/polygolem/internal/auth/signer.go:26.90,27.25 1 1
github.com/TrebuchetDynamics/polygolem/internal/auth/signer.go:27.25,29.3 1 1
github.com/TrebuchetDynamics/polygolem/internal/auth/signer.go:30.2,32.16 3 1
github.com/TrebuchetDynamics/polygolem/internal/auth/signer.go:32.16,34.3 1 1
github.com/TrebuchetDynamics/polygolem/internal/auth/signer.go:35.2,40.8 2 1
github.com/TrebuchetDynamics/polygolem/internal/auth/signer.go:43.45,43.65 1 1
github.com/TrebuchetDynamics/polygolem/internal/auth/signer.go:44.45,44.65 1 1
github.com/TrebuchetDynamics/polygolem/internal/auth/signer.go:47.68,53.16 3 0
github.com/TrebuchetDynamics/polygolem/internal/auth/signer.go:53.16,55.3 1 0
github.com/TrebuchetDynamics/polygolem/internal/auth/signer.go:56.2,57.17 2 0
github.com/TrebuchetDynamics/polygolem/internal/auth/signer.go:60.87,62.16 2 0
github.com/TrebuchetDynamics/polygolem/internal/auth/signer.go:62.16,64.3 1 0
github.com/TrebuchetDynamics/polygolem/internal/auth/signer.go:65.2,67.20 3 0
github.com/TrebuchetDynamics/polygolem/internal/auth/signer.go:72.67,74.16 2 1
github.com/TrebuchetDynamics/polygolem/internal/auth/signer.go:74.16,76.3 1 0
github.com/TrebuchetDynamics/polygolem/internal/auth/signer.go:77.2,77.18 1 1
github.com/TrebuchetDynamics/polygolem/internal/auth/signer.go:77.18,79.3 1 1
github.com/TrebuchetDynamics/polygolem/internal/auth/signer.go:80.2,80.17 1 1
github.com/TrebuchetDynamics/polygolem/internal/auth/signer.go:87.76,91.16 4 1
github.com/TrebuchetDynamics/polygolem/internal/auth/signer.go:91.16,93.3 1 0
github.com/TrebuchetDynamics/polygolem/internal/auth/signer.go:94.2,94.18 1 1
github.com/TrebuchetDynamics/polygolem/internal/auth/signer.go:94.18,96.3 1 1
github.com/TrebuchetDynamics/polygolem/internal/auth/signer.go:97.2,97.17 1 1
github.com/TrebuchetDynamics/polygolem/internal/auth/signer.go:102.81,104.16 2 0
github.com/TrebuchetDynamics/polygolem/internal/auth/signer.go:104.16,106.3 1 0
github.com/TrebuchetDynamics/polygolem/internal/auth/signer.go:107.2,108.16 2 0
github.com/TrebuchetDynamics/polygolem/internal/auth/signer.go:108.16,110.3 1 0
github.com/TrebuchetDynamics/polygolem/internal/auth/signer.go:111.2,111.18 1 0
github.com/TrebuchetDynamics/polygolem/internal/auth/signer.go:111.18,113.3 1 0
github.com/TrebuchetDynamics/polygolem/internal/auth/signer.go:114.2,114.17 1 0
github.com/TrebuchetDynamics/polygolem/internal/auth/signer.go:136.107,138.23 2 0
github.com/TrebuchetDynamics/polygolem/internal/auth/signer.go:139.9,140.27 1 0
github.com/TrebuchetDynamics/polygolem/internal/auth/signer.go:141.9,142.21 1 0
github.com/TrebuchetDynamics/polygolem/internal/auth/signer.go:142.21,144.4 1 0
github.com/TrebuchetDynamics/polygolem/internal/auth/signer.go:145.3,146.17 2 0
github.com/TrebuchetDynamics/polygolem/internal/auth/signer.go:146.17,148.4 1 0
github.com/TrebuchetDynamics/polygolem/internal/auth/signer.go:149.3,150.119 2 0
github.com/TrebuchetDynamics/polygolem/internal/auth/signer.go:151.9,152.41 1 0
github.com/TrebuchetDynamics/polygolem/internal/auth/signer.go:152.41,154.4 1 0
github.com/TrebuchetDynamics/polygolem/internal/auth/signer.go:155.3,156.17 2 0
github.com/TrebuchetDynamics/polygolem/internal/auth/signer.go:156.17,158.4 1 0
github.com/TrebuchetDynamics/polygolem/internal/auth/signer.go:159.3,160.118 2 0
github.com/TrebuchetDynamics/polygolem/internal/auth/signer.go:161.9,162.21 1 0
github.com/TrebuchetDynamics/polygolem/internal/auth/signer.go:162.21,164.4 1 0
github.com/TrebuchetDynamics/polygolem/internal/auth/signer.go:165.3,165.49 1 0
github.com/TrebuchetDynamics/polygolem/internal/auth/signer.go:166.10,167.72 1 0
github.com/TrebuchetDynamics/polygolem/internal/auth/signer.go:171.61,173.2 1 0
github.com/TrebuchetDynamics/polygolem/internal/auth/signer.go:175.51,178.16 3 0
github.com/TrebuchetDynamics/polygolem/internal/auth/signer.go:178.16,180.3 1 0
github.com/TrebuchetDynamics/polygolem/internal/auth/signer.go:181.2,181.17 1 0
github.com/TrebuchetDynamics/polygolem/internal/auth/signer.go:185.43,187.16 2 0
github.com/TrebuchetDynamics/polygolem/internal/auth/signer.go:187.16,189.3 1 0
github.com/TrebuchetDynamics/polygolem/internal/auth/signer.go:190.2,190.58 1 0
github.com/TrebuchetDynamics/polygolem/internal/auth/signer.go:194.64,196.16 2 0
github.com/TrebuchetDynamics/polygolem/internal/auth/signer.go:196.16,198.3 1 0
github.com/TrebuchetDynamics/polygolem/internal/auth/signer.go:199.2,199.30 1 0
github.com/TrebuchetDynamics/polygolem/internal/auth/signer.go:204.62,222.2 11 0
github.com/TrebuchetDynamics/polygolem/internal/auth/signer.go:226.69,244.2 16 0
github.com/TrebuchetDynamics/polygolem/internal/auth/signer.go:248.37,250.16 2 0
github.com/TrebuchetDynamics/polygolem/internal/auth/signer.go:250.16,251.74 1 0
github.com/TrebuchetDynamics/polygolem/internal/auth/signer.go:253.2,253.10 1 0
github.com/TrebuchetDynamics/polygolem/internal/auth/siwe.go:49.89,62.2 2 1
github.com/TrebuchetDynamics/polygolem/internal/auth/siwe.go:66.38,70.23 4 1
github.com/TrebuchetDynamics/polygolem/internal/auth/siwe.go:70.23,72.3 1 1
github.com/TrebuchetDynamics/polygolem/internal/auth/siwe.go:73.2,78.28 6 1
github.com/TrebuchetDynamics/polygolem/internal/auth/siwe.go:78.28,80.3 1 1
github.com/TrebuchetDynamics/polygolem/internal/auth/siwe.go:81.2,81.19 1 1
github.com/TrebuchetDynamics/polygolem/internal/auth/siwe.go:86.78,88.16 2 1
github.com/TrebuchetDynamics/polygolem/internal/auth/siwe.go:88.16,90.3 1 0
github.com/TrebuchetDynamics/polygolem/internal/auth/siwe.go:91.2,93.65 3 1
github.com/TrebuchetDynamics/polygolem/internal/auth/siwe.go:98.33,101.22 3 1
github.com/TrebuchetDynamics/polygolem/internal/auth/siwe.go:101.22,104.3 2 1
github.com/TrebuchetDynamics/polygolem/internal/auth/siwe.go:105.2,105.20 1 1
github.com/TrebuchetDynamics/polygolem/internal/auth/siwe_login.go:38.64,39.30 1 0
github.com/TrebuchetDynamics/polygolem/internal/auth/siwe_login.go:39.30,40.24 1 0
github.com/TrebuchetDynamics/polygolem/internal/auth/siwe_login.go:40.24,43.4 2 0
github.com/TrebuchetDynamics/polygolem/internal/auth/siwe_login.go:44.3,44.20 1 0
github.com/TrebuchetDynamics/polygolem/internal/auth/siwe_login.go:50.60,51.30 1 1
github.com/TrebuchetDynamics/polygolem/internal/auth/siwe_login.go:51.30,51.45 1 1
github.com/TrebuchetDynamics/polygolem/internal/auth/siwe_login.go:56.113,57.19 1 1
github.com/TrebuchetDynamics/polygolem/internal/auth/siwe_login.go:57.19,59.3 1 1
github.com/TrebuchetDynamics/polygolem/internal/auth/siwe_login.go:60.2,60.39 1 1
github.com/TrebuchetDynamics/polygolem/internal/auth/siwe_login.go:60.39,62.3 1 1
github.com/TrebuchetDynamics/polygolem/internal/auth/siwe_login.go:63.2,64.16 2 1
github.com/TrebuchetDynamics/polygolem/internal/auth/siwe_login.go:64.16,66.3 1 0
github.com/TrebuchetDynamics/polygolem/internal/auth/siwe_login.go:67.2,73.27 2 1
github.com/TrebuchetDynamics/polygolem/internal/auth/siwe_login.go:73.27,75.3 1 1
github.com/TrebuchetDynamics/polygolem/internal/auth/siwe_login.go:76.2,76.25 1 1
github.com/TrebuchetDynamics/polygolem/internal/auth/siwe_login.go:76.25,78.3 1 0
github.com/TrebuchetDynamics/polygolem/internal/auth/siwe_login.go:79.2,79.15 1 1
github.com/TrebuchetDynamics/polygolem/internal/auth/siwe_login.go:85.49,85.68 1 0
github.com/TrebuchetDynamics/polygolem/internal/auth/siwe_login.go:90.64,92.16 2 1
github.com/TrebuchetDynamics/polygolem/internal/auth/siwe_login.go:92.16,94.3 1 0
github.com/TrebuchetDynamics/polygolem/internal/auth/siwe_login.go:95.2,95.32 1 1
github.com/TrebuchetDynamics/polygolem/internal/auth/siwe_login.go:104.56,106.16 2 1
github.com/TrebuchetDynamics/polygolem/internal/auth/siwe_login.go:106.16,108.3 1 1
github.com/TrebuchetDynamics/polygolem/internal/auth/siwe_login.go:109.2,111.16 3 1
github.com/TrebuchetDynamics/polygolem/internal/auth/siwe_login.go:111.16,113.3 1 0
github.com/TrebuchetDynamics/polygolem/internal/auth/siwe_login.go:114.2,115.16 2 1
github.com/TrebuchetDynamics/polygolem/internal/auth/siwe_login.go:115.16,117.3 1 0
github.com/TrebuchetDynamics/polygolem/internal/auth/siwe_login.go:118.2,118.48 1 1
github.com/TrebuchetDynamics/polygolem/internal/auth/siwe_login.go:118.48,120.3 1 0
github.com/TrebuchetDynamics/polygolem/internal/auth/siwe_login.go:121.2,121.12 1 1
github.com/TrebuchetDynamics/polygolem/internal/auth/siwe_login.go:124.71,126.16 2 1
github.com/TrebuchetDynamics/polygolem/internal/auth/siwe_login.go:126.16,128.3 1 0
github.com/TrebuchetDynamics/polygolem/internal/auth/siwe_login.go:129.2,131.16 3 1
github.com/TrebuchetDynamics/polygolem/internal/auth/siwe_login.go:131.16,133.3 1 0
github.com/TrebuchetDynamics/polygolem/internal/auth/siwe_login.go:134.2,136.52 3 1
github.com/TrebuchetDynamics/polygolem/internal/auth/siwe_login.go:136.52,138.3 1 1
github.com/TrebuchetDynamics/polygolem/internal/auth/siwe_login.go:139.2,140.54 2 1
github.com/TrebuchetDynamics/polygolem/internal/auth/siwe_login.go:140.54,142.3 1 0
github.com/TrebuchetDynamics/polygolem/internal/auth/siwe_login.go:143.2,143.43 1 1
github.com/TrebuchetDynamics/polygolem/internal/auth/siwe_login.go:143.43,145.3 1 1
github.com/TrebuchetDynamics/polygolem/internal/auth/siwe_login.go:146.2,146.26 1 1
github.com/TrebuchetDynamics/polygolem/internal/auth/siwe_login.go:149.80,151.16 2 1
github.com/TrebuchetDynamics/polygolem/internal/auth/siwe_login.go:151.16,153.3 1 0
github.com/TrebuchetDynamics/polygolem/internal/auth/siwe_login.go:154.2,157.16 4 1
github.com/TrebuchetDynamics/polygolem/internal/auth/siwe_login.go:157.16,159.3 1 0
github.com/TrebuchetDynamics/polygolem/internal/auth/siwe_login.go:160.2,162.52 3 1
github.com/TrebuchetDynamics/polygolem/internal/auth/siwe_login.go:162.52,164.3 1 0
github.com/TrebuchetDynamics/polygolem/internal/auth/siwe_login.go:165.2,165.12 1 1
github.com/TrebuchetDynamics/polygolem/cmd/polygolem_docs/main.go:17.13,27.12 5 0
github.com/TrebuchetDynamics/polygolem/cmd/polygolem_docs/main.go:27.12,28.52 1 0
github.com/TrebuchetDynamics/polygolem/cmd/polygolem_docs/main.go:28.52,31.4 2 0
github.com/TrebuchetDynamics/polygolem/cmd/polygolem_docs/main.go:32.3,32.9 1 0
github.com/TrebuchetDynamics/polygolem/cmd/polygolem_docs/main.go:34.2,34.51 1 0
github.com/TrebuchetDynamics/polygolem/cmd/polygolem_docs/main.go:34.51,37.3 2 0
github.com/TrebuchetDynamics/polygolem/cmd/polygolem_docs/main.go:40.55,41.29 1 0
github.com/TrebuchetDynamics/polygolem/cmd/polygolem_docs/main.go:41.29,43.17 2 0
github.com/TrebuchetDynamics/polygolem/cmd/polygolem_docs/main.go:43.17,45.4 1 0
github.com/TrebuchetDynamics/polygolem/cmd/polygolem_docs/main.go:46.3,46.35 1 0
github.com/TrebuchetDynamics/polygolem/cmd/polygolem_docs/main.go:46.35,48.4 1 0
github.com/TrebuchetDynamics/polygolem/cmd/polygolem_docs/main.go:50.2,50.12 1 0
github.com/TrebuchetDynamics/polygolem/cmd/polygolem_docs/main.go:53.55,54.29 1 0
github.com/TrebuchetDynamics/polygolem/cmd/polygolem_docs/main.go:54.29,55.69 1 0
github.com/TrebuchetDynamics/polygolem/cmd/polygolem_docs/main.go:55.69,57.4 1 0
github.com/TrebuchetDynamics/polygolem/cmd/polygolem_docs/main.go:58.3,58.75 1 0
github.com/TrebuchetDynamics/polygolem/cmd/polygolem_docs/main.go:58.75,60.4 1 0
github.com/TrebuchetDynamics/polygolem/cmd/polygolem_docs/main.go:62.2,62.12 1 0
github.com/TrebuchetDynamics/polygolem/cmd/polygolem/main.go:11.13,13.39 2 0
github.com/TrebuchetDynamics/polygolem/cmd/polygolem/main.go:13.39,14.37 1 0
github.com/TrebuchetDynamics/polygolem/cmd/polygolem/main.go:14.37,16.4 1 0
github.com/TrebuchetDynamics/polygolem/cmd/polygolem/main.go:17.3,17.29 1 0
github.com/TrebuchetDynamics/polygolem/cmd/parity_erc7739/main.go:35.13,51.16 12 0
github.com/TrebuchetDynamics/polygolem/cmd/parity_erc7739/main.go:51.16,54.3 2 0
github.com/TrebuchetDynamics/polygolem/cmd/parity_erc7739/main.go:55.2,83.26 17 0
github.com/TrebuchetDynamics/polygolem/cmd/parity_erc7739/main.go:83.26,85.3 1 0
github.com/TrebuchetDynamics/polygolem/cmd/parity_erc7739/main.go:87.2,113.40 12 0
github.com/TrebuchetDynamics/polygolem/cmd/parity_erc7739/main.go:113.40,116.3 2 0
github.com/TrebuchetDynamics/polygolem/cmd/parity_erc7739/main.go:119.167,122.20 3 0
github.com/TrebuchetDynamics/polygolem/cmd/parity_erc7739/main.go:122.20,124.3 1 0
github.com/TrebuchetDynamics/polygolem/cmd/parity_erc7739/main.go:125.2,172.3 6 0
github.com/TrebuchetDynamics/polygolem/cmd/indexer_probe/main.go:64.13,69.16 4 0
github.com/TrebuchetDynamics/polygolem/cmd/indexer_probe/main.go:69.16,72.3 2 0
github.com/TrebuchetDynamics/polygolem/cmd/indexer_probe/main.go:74.2,77.15 3 0
github.com/TrebuchetDynamics/polygolem/cmd/indexer_probe/main.go:77.15,80.17 3 0
github.com/TrebuchetDynamics/polygolem/cmd/indexer_probe/main.go:80.17,83.4 2 0
github.com/TrebuchetDynamics/polygolem/cmd/indexer_probe/main.go:84.3,84.50 1 0
github.com/TrebuchetDynamics/polygolem/cmd/indexer_probe/main.go:84.50,87.4 2 0
github.com/TrebuchetDynamics/polygolem/cmd/indexer_probe/main.go:88.3,90.9 3 0
github.com/TrebuchetDynamics/polygolem/cmd/indexer_probe/main.go:93.2,96.52 3 0
github.com/TrebuchetDynamics/polygolem/cmd/indexer_probe/main.go:96.52,99.3 2 0
github.com/TrebuchetDynamics/polygolem/cmd/indexer_probe/main.go:102.53,104.47 2 0
github.com/TrebuchetDynamics/polygolem/cmd/indexer_probe/main.go:104.47,106.3 1 0
github.com/TrebuchetDynamics/polygolem/cmd/indexer_probe/main.go:107.2,109.16 3 0
github.com/TrebuchetDynamics/polygolem/cmd/indexer_probe/main.go:109.16,111.3 1 0
github.com/TrebuchetDynamics/polygolem/cmd/indexer_probe/main.go:112.2,115.16 3 0
github.com/TrebuchetDynamics/polygolem/cmd/indexer_probe/main.go:115.16,117.3 1 0
github.com/TrebuchetDynamics/polygolem/cmd/indexer_probe/main.go:118.2,119.16 2 0
github.com/TrebuchetDynamics/polygolem/cmd/indexer_probe/main.go:119.16,121.3 1 0
github.com/TrebuchetDynamics/polygolem/cmd/indexer_probe/main.go:122.2,122.43 1 0
github.com/TrebuchetDynamics/polygolem/cmd/indexer_probe/main.go:122.43,124.3 1 0
github.com/TrebuchetDynamics/polygolem/cmd/indexer_probe/main.go:125.2,126.16 2 0
github.com/TrebuchetDynamics/polygolem/cmd/indexer_probe/main.go:126.16,128.3 1 0
github.com/TrebuchetDynamics/polygolem/cmd/indexer_probe/main.go:129.2,130.16 2 0
github.com/TrebuchetDynamics/polygolem/cmd/indexer_probe/main.go:130.16,132.3 1 0
github.com/TrebuchetDynamics/polygolem/cmd/indexer_probe/main.go:133.2,134.16 2 0
github.com/TrebuchetDynamics/polygolem/cmd/indexer_probe/main.go:134.16,136.3 1 0
github.com/TrebuchetDynamics/polygolem/cmd/indexer_probe/main.go:137.2,138.16 2 0
github.com/TrebuchetDynamics/polygolem/cmd/indexer_probe/main.go:138.16,140.3 1 0
github.com/TrebuchetDynamics/polygolem/cmd/indexer_probe/main.go:144.2,145.26 2 0
github.com/TrebuchetDynamics/polygolem/cmd/indexer_probe/main.go:145.26,147.14 2 0
github.com/TrebuchetDynamics/polygolem/cmd/indexer_probe/main.go:147.14,149.9 2 0
github.com/TrebuchetDynamics/polygolem/cmd/indexer_probe/main.go:151.3,151.10 1 0
github.com/TrebuchetDynamics/polygolem/cmd/indexer_probe/main.go:152.21,153.25 1 0
github.com/TrebuchetDynamics/polygolem/cmd/indexer_probe/main.go:154.38,154.38 0 0
github.com/TrebuchetDynamics/polygolem/cmd/indexer_probe/main.go:157.2,157.15 1 0
github.com/TrebuchetDynamics/polygolem/cmd/indexer_probe/main.go:157.15,159.3 1 0
github.com/TrebuchetDynamics/polygolem/cmd/indexer_probe/main.go:161.2,168.8 1 0
github.com/TrebuchetDynamics/polygolem/cmd/indexer_probe/main.go:171.70,175.47 3 0
github.com/TrebuchetDynamics/polygolem/cmd/indexer_probe/main.go:175.47,179.3 2 0
github.com/TrebuchetDynamics/polygolem/cmd/indexer_probe/main.go:180.2,185.19 3 0
github.com/TrebuchetDynamics/polygolem/cmd/indexer_probe/main.go:185.19,188.3 2 0
github.com/TrebuchetDynamics/polygolem/cmd/indexer_probe/main.go:189.2,190.42 2 0
github.com/TrebuchetDynamics/polygolem/cmd/indexer_probe/main.go:193.66,202.16 3 0
github.com/TrebuchetDynamics/polygolem/cmd/indexer_probe/main.go:202.16,204.93 2 0
github.com/TrebuchetDynamics/polygolem/cmd/indexer_probe/main.go:204.93,206.4 1 0
github.com/TrebuchetDynamics/polygolem/cmd/indexer_probe/main.go:206.9,206.158 1 0
github.com/TrebuchetDynamics/polygolem/cmd/indexer_probe/main.go:206.158,208.4 1 0
github.com/TrebuchetDynamics/polygolem/cmd/indexer_probe/main.go:208.9,210.4 1 0
github.com/TrebuchetDynamics/polygolem/cmd/indexer_probe/main.go:211.3,211.13 1 0
github.com/TrebuchetDynamics/polygolem/cmd/indexer_probe/main.go:213.2,214.12 2 0
github.com/TrebuchetDynamics/polygolem/cmd/indexer_probe/main.go:217.63,222.16 3 0
github.com/TrebuchetDynamics/polygolem/cmd/indexer_probe/main.go:222.16,224.3 1 0
github.com/TrebuchetDynamics/polygolem/cmd/indexer_probe/main.go:225.2,227.16 3 0
github.com/TrebuchetDynamics/polygolem/cmd/indexer_probe/main.go:227.16,229.3 1 0
github.com/TrebuchetDynamics/polygolem/cmd/indexer_probe/main.go:230.2,235.55 4 0
github.com/TrebuchetDynamics/polygolem/cmd/indexer_probe/main.go:235.55,237.3 1 0
github.com/TrebuchetDynamics/polygolem/cmd/indexer_probe/main.go:238.2,238.33 1 0
github.com/TrebuchetDynamics/polygolem/cmd/indexer_probe/main.go:241.45,243.24 2 0
github.com/TrebuchetDynamics/polygolem/cmd/indexer_probe/main.go:243.24,245.3 1 0
github.com/TrebuchetDynamics/polygolem/cmd/indexer_probe/main.go:246.2,246.16 1 0
github.com/TrebuchetDynamics/polygolem/cmd/indexer_probe/main.go:246.16,248.3 1 0
github.com/TrebuchetDynamics/polygolem/cmd/indexer_probe/main.go:249.2,250.49 2 0
github.com/TrebuchetDynamics/polygolem/cmd/indexer_probe/main.go:250.49,252.3 1 0
github.com/TrebuchetDynamics/polygolem/cmd/indexer_probe/main.go:253.2,253.45 1 0
github.com/TrebuchetDynamics/polygolem/cmd/indexer_probe/main.go:253.45,255.3 1 0
github.com/TrebuchetDynamics/polygolem/cmd/indexer_probe/main.go:256.2,256.16 1 0
github.com/TrebuchetDynamics/polygolem/cmd/indexer_probe/main.go:259.45,261.16 2 0
github.com/TrebuchetDynamics/polygolem/cmd/indexer_probe/main.go:261.16,263.3 1 0
github.com/TrebuchetDynamics/polygolem/cmd/indexer_probe/main.go:264.2,264.40 1 0
github.com/TrebuchetDynamics/polygolem/cmd/indexer_probe/main.go:267.27,269.2 1 0
github.com/TrebuchetDynamics/polygolem/cmd/indexer_probe/main.go:271.41,272.34 1 0
github.com/TrebuchetDynamics/polygolem/cmd/indexer_probe/main.go:272.34,274.3 1 0
github.com/TrebuchetDynamics/polygolem/cmd/indexer_probe/main.go:275.2,275.17 1 0
github.com/TrebuchetDynamics/polygolem/cmd/parity_walletbatch/main.go:19.13,72.16 7 0
github.com/TrebuchetDynamics/polygolem/cmd/parity_walletbatch/main.go:72.16,75.3 2 0
github.com/TrebuchetDynamics/polygolem/cmd/parity_walletbatch/main.go:76.2,84.16 7 0
github.com/TrebuchetDynamics/polygolem/cmd/parity_walletbatch/main.go:84.16,87.3 2 0
github.com/TrebuchetDynamics/polygolem/cmd/parity_walletbatch/main.go:88.2,90.16 3 0
github.com/TrebuchetDynamics/polygolem/cmd/parity_walletbatch/main.go:90.16,93.3 2 0
github.com/TrebuchetDynamics/polygolem/cmd/parity_walletbatch/main.go:95.2,104.40 4 0
github.com/TrebuchetDynamics/polygolem/cmd/parity_walletbatch/main.go:104.40,107.3 2 0
github.com/TrebuchetDynamics/polygolem/cmd/parity_walletbatch/main.go:110.62,112.23 2 0
github.com/TrebuchetDynamics/polygolem/cmd/parity_walletbatch/main.go:112.23,114.3 1 0
github.com/TrebuchetDynamics/polygolem/cmd/parity_walletbatch/main.go:115.2,115.12 1 0
github.com/TrebuchetDynamics/polygolem/internal/paper/state.go:33.53,35.2 1 1
github.com/TrebuchetDynamics/polygolem/internal/paper/state.go:37.48,39.19 2 1
github.com/TrebuchetDynamics/polygolem/internal/paper/state.go:39.19,41.3 1 0
github.com/TrebuchetDynamics/polygolem/internal/paper/state.go:42.2,50.18 9 1
github.com/TrebuchetDynamics/polygolem/internal/risk/breaker.go:19.37,20.11 1 1
github.com/TrebuchetDynamics/polygolem/internal/risk/breaker.go:21.31,22.30 1 1
github.com/TrebuchetDynamics/polygolem/internal/risk/breaker.go:23.28,24.28 1 1
github.com/TrebuchetDynamics/polygolem/internal/risk/breaker.go:25.31,26.31 1 1
github.com/TrebuchetDynamics/polygolem/internal/risk/breaker.go:27.27,28.26 1 1
github.com/TrebuchetDynamics/polygolem/internal/risk/breaker.go:29.24,30.23 1 1
github.com/TrebuchetDynamics/polygolem/internal/risk/breaker.go:31.10,32.19 1 0
github.com/TrebuchetDynamics/polygolem/internal/risk/breaker.go:49.29,60.2 1 1
github.com/TrebuchetDynamics/polygolem/internal/risk/breaker.go:89.41,94.2 1 1
github.com/TrebuchetDynamics/polygolem/internal/risk/breaker.go:97.38,102.54 5 1
github.com/TrebuchetDynamics/polygolem/internal/risk/breaker.go:102.54,107.3 4 1
github.com/TrebuchetDynamics/polygolem/internal/risk/breaker.go:108.2,108.14 1 1
github.com/TrebuchetDynamics/polygolem/internal/risk/breaker.go:112.35,116.2 3 1
github.com/TrebuchetDynamics/polygolem/internal/risk/breaker.go:119.51,124.47 5 1
github.com/TrebuchetDynamics/polygolem/internal/risk/breaker.go:124.47,129.3 4 1
github.com/TrebuchetDynamics/polygolem/internal/risk/breaker.go:130.2,130.14 1 1
github.com/TrebuchetDynamics/polygolem/internal/risk/breaker.go:135.69,140.32 5 1
github.com/TrebuchetDynamics/polygolem/internal/risk/breaker.go:140.32,142.3 1 1
github.com/TrebuchetDynamics/polygolem/internal/risk/breaker.go:143.2,143.84 1 1
github.com/TrebuchetDynamics/polygolem/internal/risk/breaker.go:143.84,148.3 4 1
github.com/TrebuchetDynamics/polygolem/internal/risk/breaker.go:149.2,149.72 1 1
github.com/TrebuchetDynamics/polygolem/internal/risk/breaker.go:149.72,154.3 4 1
github.com/TrebuchetDynamics/polygolem/internal/risk/breaker.go:155.2,155.14 1 1
github.com/TrebuchetDynamics/polygolem/internal/risk/breaker.go:159.26,165.2 5 1
github.com/TrebuchetDynamics/polygolem/internal/risk/breaker.go:168.35,173.43 5 1
github.com/TrebuchetDynamics/polygolem/internal/risk/breaker.go:173.43,175.3 1 1
github.com/TrebuchetDynamics/polygolem/internal/risk/breaker.go:176.2,177.32 2 1
github.com/TrebuchetDynamics/polygolem/internal/risk/breaker.go:177.32,179.3 1 1
github.com/TrebuchetDynamics/polygolem/internal/risk/breaker.go:180.2,181.32 2 1
github.com/TrebuchetDynamics/polygolem/internal/risk/breaker.go:181.32,183.3 1 1
github.com/TrebuchetDynamics/polygolem/internal/risk/breaker.go:184.2,194.3 1 1
github.com/TrebuchetDynamics/polygolem/internal/risk/breaker.go:198.37,202.14 4 1
github.com/TrebuchetDynamics/polygolem/internal/risk/breaker.go:202.14,203.32 1 1
github.com/TrebuchetDynamics/polygolem/internal/risk/breaker.go:203.32,204.82 1 1
github.com/TrebuchetDynamics/polygolem/internal/risk/breaker.go:204.82,209.5 4 0
github.com/TrebuchetDynamics/polygolem/internal/risk/breaker.go:211.3,211.15 1 1
github.com/TrebuchetDynamics/polygolem/internal/risk/breaker.go:213.2,213.13 1 1
github.com/TrebuchetDynamics/polygolem/internal/risk/breaker.go:217.33,221.2 3 1
github.com/TrebuchetDynamics/polygolem/internal/risk/breaker.go:224.27,232.2 7 1
github.com/TrebuchetDynamics/polygolem/internal/risk/breaker.go:236.43,237.37 1 1
github.com/TrebuchetDynamics/polygolem/internal/risk/breaker.go:237.37,239.3 1 0
github.com/TrebuchetDynamics/polygolem/internal/risk/breaker.go:240.2,241.31 2 1
github.com/TrebuchetDynamics/polygolem/internal/risk/breaker.go:241.31,244.3 2 1
github.com/TrebuchetDynamics/polygolem/internal/risk/breaker.go:245.2,246.104 2 1
github.com/TrebuchetDynamics/polygolem/internal/risk/breaker.go:246.104,247.47 1 1
github.com/TrebuchetDynamics/polygolem/internal/risk/breaker.go:247.47,250.4 2 1
github.com/TrebuchetDynamics/polygolem/internal/risk/breaker.go:254.29,255.11 1 1
github.com/TrebuchetDynamics/polygolem/internal/risk/breaker.go:255.11,257.3 1 1
github.com/TrebuchetDynamics/polygolem/internal/risk/breaker.go:258.2,258.10 1 1
github.com/TrebuchetDynamics/polygolem/internal/output/output.go:41.46,45.2 3 1
github.com/TrebuchetDynamics/polygolem/internal/output/output.go:47.86,54.2 1 0
github.com/TrebuchetDynamics/polygolem/internal/output/output.go:56.92,63.2 1 1
github.com/TrebuchetDynamics/polygolem/internal/output/output.go:65.62,66.26 1 1
github.com/TrebuchetDynamics/polygolem/internal/output/output.go:66.26,68.3 1 1
github.com/TrebuchetDynamics/polygolem/internal/output/output.go:69.2,70.17 2 0
github.com/TrebuchetDynamics/polygolem/internal/output/output.go:73.58,76.25 3 1
github.com/TrebuchetDynamics/polygolem/internal/output/output.go:76.25,78.21 2 0
github.com/TrebuchetDynamics/polygolem/internal/output/output.go:78.21,80.4 1 0
github.com/TrebuchetDynamics/polygolem/internal/output/output.go:82.2,86.3 1 1
github.com/TrebuchetDynamics/polygolem/internal/config/config.go:25.41,28.26 3 1
github.com/TrebuchetDynamics/polygolem/internal/config/config.go:28.26,30.3 1 1
github.com/TrebuchetDynamics/polygolem/internal/config/config.go:31.2,40.27 10 1
github.com/TrebuchetDynamics/polygolem/internal/config/config.go:40.27,42.42 2 1
github.com/TrebuchetDynamics/polygolem/internal/config/config.go:42.42,44.4 1 0
github.com/TrebuchetDynamics/polygolem/internal/config/config.go:46.2,47.16 2 1
github.com/TrebuchetDynamics/polygolem/internal/config/config.go:47.16,49.3 1 0
github.com/TrebuchetDynamics/polygolem/internal/config/config.go:50.2,50.18 1 1
github.com/TrebuchetDynamics/polygolem/internal/config/config.go:50.18,52.3 1 1
github.com/TrebuchetDynamics/polygolem/internal/config/config.go:53.2,61.20 2 1
github.com/TrebuchetDynamics/polygolem/internal/config/config.go:61.20,63.3 1 0
github.com/TrebuchetDynamics/polygolem/internal/config/config.go:64.2,64.17 1 1
github.com/TrebuchetDynamics/polygolem/internal/preflight/preflight.go:23.54,25.31 2 1
github.com/TrebuchetDynamics/polygolem/internal/preflight/preflight.go:25.31,28.17 3 1
github.com/TrebuchetDynamics/polygolem/internal/preflight/preflight.go:28.17,32.4 3 1
github.com/TrebuchetDynamics/polygolem/internal/preflight/preflight.go:33.3,33.53 1 1
github.com/TrebuchetDynamics/polygolem/internal/preflight/preflight.go:35.2,35.15 1 1
github.com/TrebuchetDynamics/polygolem/internal/orders/builder.go:15.63,24.2 1 1
github.com/TrebuchetDynamics/polygolem/internal/orders/builder.go:26.44,29.2 2 1
github.com/TrebuchetDynamics/polygolem/internal/orders/builder.go:31.43,34.2 2 1
github.com/TrebuchetDynamics/polygolem/internal/orders/builder.go:36.49,39.2 2 0
github.com/TrebuchetDynamics/polygolem/internal/orders/builder.go:41.62,44.2 2 1
github.com/TrebuchetDynamics/polygolem/internal/orders/builder.go:46.51,53.2 2 1
github.com/TrebuchetDynamics/polygolem/internal/orders/builder.go:55.44,58.2 2 0
github.com/TrebuchetDynamics/polygolem/internal/orders/builder.go:60.46,63.2 2 1
github.com/TrebuchetDynamics/polygolem/internal/orders/builder.go:65.44,68.2 2 0
github.com/TrebuchetDynamics/polygolem/internal/orders/builder.go:70.51,73.2 2 0
github.com/TrebuchetDynamics/polygolem/internal/orders/builder.go:75.48,78.2 2 0
github.com/TrebuchetDynamics/polygolem/internal/orders/builder.go:80.45,83.2 2 0
github.com/TrebuchetDynamics/polygolem/internal/orders/builder.go:86.48,87.44 1 1
github.com/TrebuchetDynamics/polygolem/internal/orders/builder.go:87.44,89.3 1 1
github.com/TrebuchetDynamics/polygolem/internal/orders/builder.go:90.2,90.22 1 1
github.com/TrebuchetDynamics/polygolem/internal/orders/builder.go:94.43,96.16 2 1
github.com/TrebuchetDynamics/polygolem/internal/orders/builder.go:96.16,97.41 1 1
github.com/TrebuchetDynamics/polygolem/internal/orders/builder.go:99.2,99.11 1 0
github.com/TrebuchetDynamics/polygolem/internal/orders/orders.go:34.41,35.22 1 1
github.com/TrebuchetDynamics/polygolem/internal/orders/orders.go:35.22,37.3 1 1
github.com/TrebuchetDynamics/polygolem/internal/orders/orders.go:38.2,38.17 1 1
github.com/TrebuchetDynamics/polygolem/internal/orders/orders.go:39.45,39.45 0 1
github.com/TrebuchetDynamics/polygolem/internal/orders/orders.go:40.10,41.73 1 1
github.com/TrebuchetDynamics/polygolem/internal/orders/orders.go:43.2,43.49 1 1
github.com/TrebuchetDynamics/polygolem/internal/orders/orders.go:43.49,45.3 1 1
github.com/TrebuchetDynamics/polygolem/internal/orders/orders.go:46.2,46.48 1 1
github.com/TrebuchetDynamics/polygolem/internal/orders/orders.go:46.48,48.3 1 1
github.com/TrebuchetDynamics/polygolem/internal/orders/orders.go:49.2,49.63 1 1
github.com/TrebuchetDynamics/polygolem/internal/orders/orders.go:49.63,51.3 1 0
github.com/TrebuchetDynamics/polygolem/internal/orders/orders.go:52.2,52.23 1 1
github.com/TrebuchetDynamics/polygolem/internal/orders/orders.go:52.23,54.3 1 0
github.com/TrebuchetDynamics/polygolem/internal/orders/orders.go:55.2,55.12 1 1
github.com/TrebuchetDynamics/polygolem/internal/orders/orders.go:109.78,116.38 5 1
github.com/TrebuchetDynamics/polygolem/internal/orders/orders.go:116.38,119.3 2 1
github.com/TrebuchetDynamics/polygolem/internal/orders/orders.go:119.8,122.3 2 1
github.com/TrebuchetDynamics/polygolem/internal/orders/orders.go:123.2,123.21 1 1
github.com/TrebuchetDynamics/polygolem/internal/orders/orders.go:127.62,131.2 3 0
github.com/TrebuchetDynamics/polygolem/internal/orders/orders.go:134.63,138.46 4 1
github.com/TrebuchetDynamics/polygolem/internal/orders/orders.go:138.46,141.3 1 1
github.com/TrebuchetDynamics/polygolem/internal/orders/orders.go:142.2,142.12 1 1
github.com/TrebuchetDynamics/polygolem/internal/orders/orders.go:146.36,148.2 1 0
github.com/TrebuchetDynamics/polygolem/internal/orders/orders.go:151.32,153.2 1 0
github.com/TrebuchetDynamics/polygolem/internal/enabletrading/enabletrading.go:93.80,117.2 1 1
github.com/TrebuchetDynamics/polygolem/internal/enabletrading/enabletrading.go:119.116,120.19 1 1
github.com/TrebuchetDynamics/polygolem/internal/enabletrading/enabletrading.go:120.19,122.3 1 0
github.com/TrebuchetDynamics/polygolem/internal/enabletrading/enabletrading.go:123.2,123.40 1 1
github.com/TrebuchetDynamics/polygolem/internal/enabletrading/enabletrading.go:123.40,125.3 1 1
github.com/TrebuchetDynamics/polygolem/internal/enabletrading/enabletrading.go:126.2,127.60 2 1
github.com/TrebuchetDynamics/polygolem/internal/enabletrading/enabletrading.go:127.60,129.3 1 0
github.com/TrebuchetDynamics/polygolem/internal/enabletrading/enabletrading.go:130.2,131.16 2 1
github.com/TrebuchetDynamics/polygolem/internal/enabletrading/enabletrading.go:131.16,133.3 1 0
github.com/TrebuchetDynamics/polygolem/internal/enabletrading/enabletrading.go:134.2,134.44 1 1
github.com/TrebuchetDynamics/polygolem/internal/enabletrading/enabletrading.go:137.71,142.2 1 1
github.com/TrebuchetDynamics/polygolem/internal/enabletrading/enabletrading.go:144.140,146.25 2 1
github.com/TrebuchetDynamics/polygolem/internal/enabletrading/enabletrading.go:146.25,148.3 1 1
github.com/TrebuchetDynamics/polygolem/internal/enabletrading/enabletrading.go:149.2,149.36 1 1
github.com/TrebuchetDynamics/polygolem/internal/enabletrading/enabletrading.go:149.36,151.3 1 0
github.com/TrebuchetDynamics/polygolem/internal/enabletrading/enabletrading.go:152.2,152.39 1 1
github.com/TrebuchetDynamics/polygolem/internal/enabletrading/enabletrading.go:152.39,154.3 1 0
github.com/TrebuchetDynamics/polygolem/internal/enabletrading/enabletrading.go:155.2,155.21 1 1
github.com/TrebuchetDynamics/polygolem/internal/enabletrading/enabletrading.go:155.21,157.3 1 0
github.com/TrebuchetDynamics/polygolem/internal/enabletrading/enabletrading.go:158.2,159.29 2 1
github.com/TrebuchetDynamics/polygolem/internal/enabletrading/enabletrading.go:159.29,160.52 1 1
github.com/TrebuchetDynamics/polygolem/internal/enabletrading/enabletrading.go:160.52,162.4 1 0
github.com/TrebuchetDynamics/polygolem/internal/enabletrading/enabletrading.go:163.3,163.97 1 1
github.com/TrebuchetDynamics/polygolem/internal/enabletrading/enabletrading.go:165.2,193.8 1 1
github.com/TrebuchetDynamics/polygolem/internal/enabletrading/enabletrading.go:196.158,197.19 1 1
github.com/TrebuchetDynamics/polygolem/internal/enabletrading/enabletrading.go:197.19,199.3 1 0
github.com/TrebuchetDynamics/polygolem/internal/enabletrading/enabletrading.go:200.2,200.40 1 1
github.com/TrebuchetDynamics/polygolem/internal/enabletrading/enabletrading.go:200.40,202.3 1 0
github.com/TrebuchetDynamics/polygolem/internal/enabletrading/enabletrading.go:203.2,204.16 2 1
github.com/TrebuchetDynamics/polygolem/internal/enabletrading/enabletrading.go:204.16,206.3 1 0
github.com/TrebuchetDynamics/polygolem/internal/enabletrading/enabletrading.go:207.2,207.38 1 1
github.com/TrebuchetDynamics/polygolem/internal/enabletrading/enabletrading.go:207.38,209.3 1 1
github.com/TrebuchetDynamics/polygolem/internal/enabletrading/enabletrading.go:210.2,211.16 2 0
github.com/TrebuchetDynamics/polygolem/internal/enabletrading/enabletrading.go:211.16,213.3 1 0
github.com/TrebuchetDynamics/polygolem/internal/enabletrading/enabletrading.go:214.2,215.16 2 0
github.com/TrebuchetDynamics/polygolem/internal/enabletrading/enabletrading.go:215.16,217.3 1 0
github.com/TrebuchetDynamics/polygolem/internal/enabletrading/enabletrading.go:218.2,218.44 1 0
github.com/TrebuchetDynamics/polygolem/internal/enabletrading/enabletrading.go:221.79,222.24 1 1
github.com/TrebuchetDynamics/polygolem/internal/enabletrading/enabletrading.go:222.24,224.3 1 0
github.com/TrebuchetDynamics/polygolem/internal/enabletrading/enabletrading.go:225.2,225.45 1 1
github.com/TrebuchetDynamics/polygolem/internal/enabletrading/enabletrading.go:225.45,227.3 1 0
github.com/TrebuchetDynamics/polygolem/internal/enabletrading/enabletrading.go:228.2,229.18 2 1
github.com/TrebuchetDynamics/polygolem/internal/enabletrading/enabletrading.go:229.18,231.3 1 0
github.com/TrebuchetDynamics/polygolem/internal/enabletrading/enabletrading.go:232.2,236.25 4 1
github.com/TrebuchetDynamics/polygolem/internal/enabletrading/enabletrading.go:236.25,238.17 2 1
github.com/TrebuchetDynamics/polygolem/internal/enabletrading/enabletrading.go:238.17,240.4 1 0
github.com/TrebuchetDynamics/polygolem/internal/enabletrading/enabletrading.go:241.3,241.24 1 1
github.com/TrebuchetDynamics/polygolem/internal/enabletrading/enabletrading.go:243.2,243.38 1 1
github.com/TrebuchetDynamics/polygolem/internal/enabletrading/enabletrading.go:243.38,244.18 1 0
github.com/TrebuchetDynamics/polygolem/internal/enabletrading/enabletrading.go:244.18,246.4 1 0
github.com/TrebuchetDynamics/polygolem/internal/enabletrading/enabletrading.go:246.9,247.27 1 0
github.com/TrebuchetDynamics/polygolem/internal/enabletrading/enabletrading.go:247.27,249.5 1 0
github.com/TrebuchetDynamics/polygolem/internal/enabletrading/enabletrading.go:250.4,251.18 2 0
github.com/TrebuchetDynamics/polygolem/internal/enabletrading/enabletrading.go:251.18,253.5 1 0
github.com/TrebuchetDynamics/polygolem/internal/enabletrading/enabletrading.go:254.4,255.29 2 0
github.com/TrebuchetDynamics/polygolem/internal/enabletrading/enabletrading.go:259.2,262.31 4 1
github.com/TrebuchetDynamics/polygolem/internal/enabletrading/enabletrading.go:262.31,263.18 1 1
github.com/TrebuchetDynamics/polygolem/internal/enabletrading/enabletrading.go:263.18,265.4 1 1
github.com/TrebuchetDynamics/polygolem/internal/enabletrading/enabletrading.go:265.9,266.85 1 1
github.com/TrebuchetDynamics/polygolem/internal/enabletrading/enabletrading.go:266.85,268.5 1 0
github.com/TrebuchetDynamics/polygolem/internal/enabletrading/enabletrading.go:269.4,270.24 2 1
github.com/TrebuchetDynamics/polygolem/internal/enabletrading/enabletrading.go:270.24,272.5 1 0
github.com/TrebuchetDynamics/polygolem/internal/enabletrading/enabletrading.go:273.4,274.18 2 1
github.com/TrebuchetDynamics/polygolem/internal/enabletrading/enabletrading.go:274.18,276.5 1 0
github.com/TrebuchetDynamics/polygolem/internal/enabletrading/enabletrading.go:277.4,278.32 2 1
github.com/TrebuchetDynamics/polygolem/internal/enabletrading/enabletrading.go:282.2,285.25 4 1
github.com/TrebuchetDynamics/polygolem/internal/enabletrading/enabletrading.go:285.25,287.17 2 1
github.com/TrebuchetDynamics/polygolem/internal/enabletrading/enabletrading.go:287.17,289.4 1 0
github.com/TrebuchetDynamics/polygolem/internal/enabletrading/enabletrading.go:290.3,290.18 1 1
github.com/TrebuchetDynamics/polygolem/internal/enabletrading/enabletrading.go:292.2,293.16 2 1
github.com/TrebuchetDynamics/polygolem/internal/enabletrading/enabletrading.go:293.16,295.3 1 0
github.com/TrebuchetDynamics/polygolem/internal/enabletrading/enabletrading.go:296.2,297.24 2 1
github.com/TrebuchetDynamics/polygolem/internal/enabletrading/enabletrading.go:297.24,298.24 1 1
github.com/TrebuchetDynamics/polygolem/internal/enabletrading/enabletrading.go:298.24,300.4 1 0
github.com/TrebuchetDynamics/polygolem/internal/enabletrading/enabletrading.go:301.3,302.26 2 1
github.com/TrebuchetDynamics/polygolem/internal/enabletrading/enabletrading.go:302.26,305.18 3 1
github.com/TrebuchetDynamics/polygolem/internal/enabletrading/enabletrading.go:305.18,307.5 1 0
github.com/TrebuchetDynamics/polygolem/internal/enabletrading/enabletrading.go:309.3,309.12 1 1
github.com/TrebuchetDynamics/polygolem/internal/enabletrading/enabletrading.go:309.12,311.4 1 1
github.com/TrebuchetDynamics/polygolem/internal/enabletrading/enabletrading.go:311.9,311.25 1 1
github.com/TrebuchetDynamics/polygolem/internal/enabletrading/enabletrading.go:311.25,313.4 1 1
github.com/TrebuchetDynamics/polygolem/internal/enabletrading/enabletrading.go:313.9,314.27 1 0
github.com/TrebuchetDynamics/polygolem/internal/enabletrading/enabletrading.go:314.27,316.5 1 0
github.com/TrebuchetDynamics/polygolem/internal/enabletrading/enabletrading.go:317.4,318.18 2 0
github.com/TrebuchetDynamics/polygolem/internal/enabletrading/enabletrading.go:318.18,320.5 1 0
github.com/TrebuchetDynamics/polygolem/internal/enabletrading/enabletrading.go:321.4,323.18 3 0
github.com/TrebuchetDynamics/polygolem/internal/enabletrading/enabletrading.go:323.18,325.5 1 0
github.com/TrebuchetDynamics/polygolem/internal/enabletrading/enabletrading.go:326.4,327.29 2 0
github.com/TrebuchetDynamics/polygolem/internal/enabletrading/enabletrading.go:331.2,331.38 1 1
github.com/TrebuchetDynamics/polygolem/internal/enabletrading/enabletrading.go:331.38,333.17 2 1
github.com/TrebuchetDynamics/polygolem/internal/enabletrading/enabletrading.go:333.17,335.4 1 0
github.com/TrebuchetDynamics/polygolem/internal/enabletrading/enabletrading.go:336.3,336.30 1 1
github.com/TrebuchetDynamics/polygolem/internal/enabletrading/enabletrading.go:338.2,338.20 1 1
github.com/TrebuchetDynamics/polygolem/internal/enabletrading/enabletrading.go:341.35,344.2 2 1
github.com/TrebuchetDynamics/polygolem/internal/enabletrading/enabletrading.go:346.33,349.2 2 1
github.com/TrebuchetDynamics/polygolem/internal/enabletrading/enabletrading.go:351.86,358.2 2 1
github.com/TrebuchetDynamics/polygolem/internal/enabletrading/enabletrading.go:360.65,361.42 1 1
github.com/TrebuchetDynamics/polygolem/internal/enabletrading/enabletrading.go:361.42,363.3 1 0
github.com/TrebuchetDynamics/polygolem/internal/enabletrading/enabletrading.go:364.2,364.23 1 1
github.com/TrebuchetDynamics/polygolem/internal/enabletrading/enabletrading.go:364.23,366.3 1 0
github.com/TrebuchetDynamics/polygolem/internal/enabletrading/enabletrading.go:367.2,368.57 2 1
github.com/TrebuchetDynamics/polygolem/internal/enabletrading/enabletrading.go:368.57,370.3 1 0
github.com/TrebuchetDynamics/polygolem/internal/enabletrading/enabletrading.go:371.2,371.45 1 1
github.com/TrebuchetDynamics/polygolem/internal/enabletrading/enabletrading.go:371.45,373.3 1 0
github.com/TrebuchetDynamics/polygolem/internal/enabletrading/enabletrading.go:374.2,374.12 1 1
github.com/TrebuchetDynamics/polygolem/internal/enabletrading/enabletrading.go:377.33,379.2 1 1
github.com/TrebuchetDynamics/polygolem/internal/enabletrading/enabletrading.go:381.43,382.18 1 1
github.com/TrebuchetDynamics/polygolem/internal/enabletrading/enabletrading.go:382.18,384.3 1 1
github.com/TrebuchetDynamics/polygolem/internal/enabletrading/enabletrading.go:385.2,385.16 1 0
github.com/TrebuchetDynamics/polygolem/internal/enabletrading/enabletrading.go:388.67,389.43 1 0
github.com/TrebuchetDynamics/polygolem/internal/enabletrading/enabletrading.go:389.43,391.3 1 0
github.com/TrebuchetDynamics/polygolem/internal/enabletrading/enabletrading.go:394.49,396.37 2 1
github.com/TrebuchetDynamics/polygolem/internal/enabletrading/enabletrading.go:396.37,398.32 2 1
github.com/TrebuchetDynamics/polygolem/internal/enabletrading/enabletrading.go:398.32,400.4 1 1
github.com/TrebuchetDynamics/polygolem/internal/enabletrading/enabletrading.go:401.3,401.26 1 1
github.com/TrebuchetDynamics/polygolem/internal/enabletrading/enabletrading.go:403.2,404.37 2 1
github.com/TrebuchetDynamics/polygolem/internal/enabletrading/enabletrading.go:404.37,405.14 1 1
github.com/TrebuchetDynamics/polygolem/internal/enabletrading/enabletrading.go:406.28,407.38 1 1
github.com/TrebuchetDynamics/polygolem/internal/enabletrading/enabletrading.go:408.16,409.36 1 0
github.com/TrebuchetDynamics/polygolem/internal/enabletrading/enabletrading.go:410.11,411.24 1 1
github.com/TrebuchetDynamics/polygolem/internal/enabletrading/enabletrading.go:414.2,424.3 1 1
github.com/TrebuchetDynamics/polygolem/internal/enabletrading/enabletrading.go:427.64,430.9 3 1
github.com/TrebuchetDynamics/polygolem/internal/enabletrading/enabletrading.go:430.9,432.3 1 0
github.com/TrebuchetDynamics/polygolem/internal/enabletrading/enabletrading.go:433.2,433.40 1 1
github.com/TrebuchetDynamics/polygolem/internal/enabletrading/enabletrading.go:436.48,438.9 2 0
github.com/TrebuchetDynamics/polygolem/internal/enabletrading/enabletrading.go:438.9,440.3 1 0
github.com/TrebuchetDynamics/polygolem/internal/enabletrading/enabletrading.go:441.2,442.29 2 0
github.com/TrebuchetDynamics/polygolem/internal/enabletrading/enabletrading.go:442.29,448.3 1 0
github.com/TrebuchetDynamics/polygolem/internal/enabletrading/enabletrading.go:449.2,449.12 1 0
github.com/TrebuchetDynamics/polygolem/internal/modes/modes.go:30.40,31.15 1 1
github.com/TrebuchetDynamics/polygolem/internal/modes/modes.go:32.28,33.23 1 1
github.com/TrebuchetDynamics/polygolem/internal/modes/modes.go:34.21,35.20 1 0
github.com/TrebuchetDynamics/polygolem/internal/modes/modes.go:36.20,37.19 1 0
github.com/TrebuchetDynamics/polygolem/internal/modes/modes.go:38.10,39.50 1 0
github.com/TrebuchetDynamics/polygolem/internal/modes/modes.go:43.60,45.23 2 1
github.com/TrebuchetDynamics/polygolem/internal/modes/modes.go:45.23,47.3 1 0
github.com/TrebuchetDynamics/polygolem/internal/modes/modes.go:48.2,48.26 1 1
github.com/TrebuchetDynamics/polygolem/internal/modes/modes.go:48.26,50.3 1 0
github.com/TrebuchetDynamics/polygolem/internal/modes/modes.go:51.2,51.24 1 1
github.com/TrebuchetDynamics/polygolem/internal/modes/modes.go:51.24,53.3 1 1
github.com/TrebuchetDynamics/polygolem/internal/modes/modes.go:54.2,54.24 1 1
github.com/TrebuchetDynamics/polygolem/internal/modes/modes.go:54.24,56.3 1 0
github.com/TrebuchetDynamics/polygolem/internal/modes/modes.go:57.2,57.72 1 1
github.com/TrebuchetDynamics/polygolem/internal/errors/errors.go:50.32,51.18 1 1
github.com/TrebuchetDynamics/polygolem/internal/errors/errors.go:51.18,53.3 1 0
github.com/TrebuchetDynamics/polygolem/internal/errors/errors.go:54.2,54.50 1 1
github.com/TrebuchetDynamics/polygolem/internal/errors/errors.go:57.32,57.48 1 1
github.com/TrebuchetDynamics/polygolem/internal/errors/errors.go:59.40,61.2 1 1
github.com/TrebuchetDynamics/polygolem/internal/errors/errors.go:63.57,65.2 1 1
github.com/TrebuchetDynamics/polygolem/internal/errors/errors.go:67.52,69.2 1 1
github.com/TrebuchetDynamics/polygolem/internal/errors/errors.go:71.59,73.2 1 1
github.com/TrebuchetDynamics/polygolem/internal/execution/executor.go:61.58,69.2 1 1
github.com/TrebuchetDynamics/polygolem/internal/execution/executor.go:71.112,72.42 1 1
github.com/TrebuchetDynamics/polygolem/internal/execution/executor.go:72.42,74.3 1 1
github.com/TrebuchetDynamics/polygolem/internal/execution/executor.go:75.2,99.8 6 1
github.com/TrebuchetDynamics/polygolem/internal/execution/executor.go:102.76,103.40 1 1
github.com/TrebuchetDynamics/polygolem/internal/execution/executor.go:103.40,104.27 1 1
github.com/TrebuchetDynamics/polygolem/internal/execution/executor.go:104.27,107.4 2 1
github.com/TrebuchetDynamics/polygolem/internal/execution/executor.go:109.2,109.50 1 1
github.com/TrebuchetDynamics/polygolem/internal/execution/executor.go:112.103,113.40 1 1
github.com/TrebuchetDynamics/polygolem/internal/execution/executor.go:113.40,114.27 1 1
github.com/TrebuchetDynamics/polygolem/internal/execution/executor.go:114.27,120.4 1 1
github.com/TrebuchetDynamics/polygolem/internal/execution/executor.go:122.2,122.55 1 0
github.com/TrebuchetDynamics/polygolem/internal/execution/executor.go:125.90,127.40 2 1
github.com/TrebuchetDynamics/polygolem/internal/execution/executor.go:127.40,133.3 1 1
github.com/TrebuchetDynamics/polygolem/internal/execution/executor.go:134.2,134.20 1 1
github.com/TrebuchetDynamics/polygolem/internal/execution/executor.go:137.54,139.2 1 1
github.com/TrebuchetDynamics/polygolem/internal/polytypes/clob.go:55.52,62.48 2 0
github.com/TrebuchetDynamics/polygolem/internal/polytypes/clob.go:62.48,64.3 1 0
github.com/TrebuchetDynamics/polygolem/internal/polytypes/clob.go:65.2,69.12 5 0
github.com/TrebuchetDynamics/polygolem/internal/polytypes/clob.go:119.52,142.48 3 0
github.com/TrebuchetDynamics/polygolem/internal/polytypes/clob.go:142.48,144.3 1 0
github.com/TrebuchetDynamics/polygolem/internal/polytypes/clob.go:145.2,146.27 2 0
github.com/TrebuchetDynamics/polygolem/internal/polytypes/clob.go:146.27,148.3 1 0
github.com/TrebuchetDynamics/polygolem/internal/polytypes/clob.go:149.2,149.52 1 0
github.com/TrebuchetDynamics/polygolem/internal/polytypes/clob.go:149.52,151.41 2 0
github.com/TrebuchetDynamics/polygolem/internal/polytypes/clob.go:151.41,156.4 1 0
github.com/TrebuchetDynamics/polygolem/internal/polytypes/clob.go:158.2,158.34 1 0
github.com/TrebuchetDynamics/polygolem/internal/polytypes/clob.go:158.34,160.3 1 0
github.com/TrebuchetDynamics/polygolem/internal/polytypes/clob.go:161.2,161.43 1 0
github.com/TrebuchetDynamics/polygolem/internal/polytypes/clob.go:161.43,163.3 1 0
github.com/TrebuchetDynamics/polygolem/internal/polytypes/clob.go:164.2,164.34 1 0
github.com/TrebuchetDynamics/polygolem/internal/polytypes/clob.go:164.34,166.3 1 0
github.com/TrebuchetDynamics/polygolem/internal/polytypes/clob.go:167.2,167.34 1 0
github.com/TrebuchetDynamics/polygolem/internal/polytypes/clob.go:167.34,169.3 1 0
github.com/TrebuchetDynamics/polygolem/internal/polytypes/clob.go:170.2,170.32 1 0
github.com/TrebuchetDynamics/polygolem/internal/polytypes/clob.go:170.32,172.3 1 0
github.com/TrebuchetDynamics/polygolem/internal/polytypes/clob.go:173.2,173.37 1 0
github.com/TrebuchetDynamics/polygolem/internal/polytypes/clob.go:173.37,175.3 1 0
github.com/TrebuchetDynamics/polygolem/internal/polytypes/clob.go:176.2,176.42 1 0
github.com/TrebuchetDynamics/polygolem/internal/polytypes/clob.go:176.42,178.3 1 0
github.com/TrebuchetDynamics/polygolem/internal/polytypes/clob.go:179.2,179.32 1 0
github.com/TrebuchetDynamics/polygolem/internal/polytypes/clob.go:179.32,180.38 1 0
github.com/TrebuchetDynamics/polygolem/internal/polytypes/clob.go:180.38,182.4 1 0
github.com/TrebuchetDynamics/polygolem/internal/polytypes/clob.go:183.3,183.42 1 0
github.com/TrebuchetDynamics/polygolem/internal/polytypes/clob.go:183.42,185.4 1 0
github.com/TrebuchetDynamics/polygolem/internal/polytypes/clob.go:186.3,186.43 1 0
github.com/TrebuchetDynamics/polygolem/internal/polytypes/clob.go:186.43,188.4 1 0
github.com/TrebuchetDynamics/polygolem/internal/polytypes/clob.go:190.2,190.37 1 0
github.com/TrebuchetDynamics/polygolem/internal/polytypes/clob.go:190.37,192.3 1 0
github.com/TrebuchetDynamics/polygolem/internal/polytypes/clob.go:193.2,193.12 1 0
github.com/TrebuchetDynamics/polygolem/internal/polytypes/clob.go:208.55,210.32 2 0
github.com/TrebuchetDynamics/polygolem/internal/polytypes/clob.go:210.32,213.3 2 0
github.com/TrebuchetDynamics/polygolem/internal/polytypes/clob.go:214.2,215.53 2 0
github.com/TrebuchetDynamics/polygolem/internal/polytypes/clob.go:215.53,218.3 2 0
github.com/TrebuchetDynamics/polygolem/internal/polytypes/clob.go:219.2,220.12 2 0
github.com/TrebuchetDynamics/polygolem/internal/polytypes/clob.go:223.54,225.2 1 0
github.com/TrebuchetDynamics/polygolem/internal/polytypes/normalize.go:19.44,21.34 2 1
github.com/TrebuchetDynamics/polygolem/internal/polytypes/normalize.go:21.34,23.3 1 0
github.com/TrebuchetDynamics/polygolem/internal/polytypes/normalize.go:24.2,24.29 1 1
github.com/TrebuchetDynamics/polygolem/internal/polytypes/normalize.go:27.36,29.16 2 1
github.com/TrebuchetDynamics/polygolem/internal/polytypes/normalize.go:29.16,30.13 1 0
github.com/TrebuchetDynamics/polygolem/internal/polytypes/normalize.go:32.2,32.10 1 1
github.com/TrebuchetDynamics/polygolem/internal/polytypes/normalize.go:35.40,37.2 1 1
github.com/TrebuchetDynamics/polygolem/internal/polytypes/normalize.go:39.34,40.18 1 1
github.com/TrebuchetDynamics/polygolem/internal/polytypes/normalize.go:40.18,42.3 1 0
github.com/TrebuchetDynamics/polygolem/internal/polytypes/normalize.go:43.2,43.29 1 1
github.com/TrebuchetDynamics/polygolem/internal/polytypes/normalize.go:46.36,47.18 1 1
github.com/TrebuchetDynamics/polygolem/internal/polytypes/normalize.go:47.18,49.3 1 0
github.com/TrebuchetDynamics/polygolem/internal/polytypes/normalize.go:50.2,51.10 2 1
github.com/TrebuchetDynamics/polygolem/internal/polytypes/normalize.go:54.33,55.18 1 0
github.com/TrebuchetDynamics/polygolem/internal/polytypes/normalize.go:55.18,57.3 1 0
github.com/TrebuchetDynamics/polygolem/internal/polytypes/normalize.go:58.2,58.32 1 0
github.com/TrebuchetDynamics/polygolem/internal/polytypes/normalize.go:61.32,63.2 1 1
github.com/TrebuchetDynamics/polygolem/internal/polytypes/normalize.go:65.48,67.2 1 1
github.com/TrebuchetDynamics/polygolem/internal/polytypes/normalize.go:69.49,71.46 2 1
github.com/TrebuchetDynamics/polygolem/internal/polytypes/normalize.go:71.46,73.3 1 0
github.com/TrebuchetDynamics/polygolem/internal/polytypes/normalize.go:74.2,75.16 2 1
github.com/TrebuchetDynamics/polygolem/internal/polytypes/normalize.go:75.16,77.3 1 0
github.com/TrebuchetDynamics/polygolem/internal/polytypes/normalize.go:78.2,79.12 2 1
github.com/TrebuchetDynamics/polygolem/internal/polytypes/normalize.go:84.46,84.86 1 0
github.com/TrebuchetDynamics/polygolem/internal/polytypes/normalize.go:93.31,94.11 1 1
github.com/TrebuchetDynamics/polygolem/internal/polytypes/normalize.go:95.15,96.15 1 1
github.com/TrebuchetDynamics/polygolem/internal/polytypes/normalize.go:97.16,98.16 1 1
github.com/TrebuchetDynamics/polygolem/internal/polytypes/normalize.go:99.10,100.19 1 0
github.com/TrebuchetDynamics/polygolem/internal/polytypes/normalize.go:123.41,124.12 1 1
github.com/TrebuchetDynamics/polygolem/internal/polytypes/normalize.go:125.25,126.21 1 1
github.com/TrebuchetDynamics/polygolem/internal/polytypes/normalize.go:127.10,128.19 1 0
github.com/TrebuchetDynamics/polygolem/pkg/bridge/bridge.go:36.62,37.19 1 1
github.com/TrebuchetDynamics/polygolem/pkg/bridge/bridge.go:37.19,39.3 1 0
github.com/TrebuchetDynamics/polygolem/pkg/bridge/bridge.go:40.2,40.15 1 1
github.com/TrebuchetDynamics/polygolem/pkg/bridge/bridge.go:40.15,42.3 1 1
github.com/TrebuchetDynamics/polygolem/pkg/bridge/bridge.go:43.2,43.31 1 1
github.com/TrebuchetDynamics/polygolem/pkg/bridge/bridge.go:149.115,151.106 2 0
github.com/TrebuchetDynamics/polygolem/pkg/bridge/bridge.go:151.106,153.3 1 0
github.com/TrebuchetDynamics/polygolem/pkg/bridge/bridge.go:154.2,154.21 1 0
github.com/TrebuchetDynamics/polygolem/pkg/bridge/bridge.go:159.92,161.75 2 1
github.com/TrebuchetDynamics/polygolem/pkg/bridge/bridge.go:161.75,163.3 1 0
github.com/TrebuchetDynamics/polygolem/pkg/bridge/bridge.go:164.2,164.21 1 1
github.com/TrebuchetDynamics/polygolem/pkg/bridge/bridge.go:169.111,171.81 2 0
github.com/TrebuchetDynamics/polygolem/pkg/bridge/bridge.go:171.81,173.3 1 0
github.com/TrebuchetDynamics/polygolem/pkg/bridge/bridge.go:174.2,174.21 1 0
github.com/TrebuchetDynamics/polygolem/pkg/bridge/bridge.go:180.90,182.70 2 0
github.com/TrebuchetDynamics/polygolem/pkg/bridge/bridge.go:182.70,184.3 1 0
github.com/TrebuchetDynamics/polygolem/pkg/bridge/bridge.go:185.2,185.21 1 0
github.com/TrebuchetDynamics/polygolem/internal/stream/client.go:28.39,38.2 1 1
github.com/TrebuchetDynamics/polygolem/internal/stream/client.go:171.51,173.2 1 1
github.com/TrebuchetDynamics/polygolem/internal/stream/client.go:176.60,179.2 2 0
github.com/TrebuchetDynamics/polygolem/internal/stream/client.go:181.38,183.16 2 0
github.com/TrebuchetDynamics/polygolem/internal/stream/client.go:183.16,185.3 1 0
github.com/TrebuchetDynamics/polygolem/internal/stream/client.go:186.2,188.44 3 0
github.com/TrebuchetDynamics/polygolem/internal/stream/client.go:188.44,191.3 2 0
github.com/TrebuchetDynamics/polygolem/internal/stream/client.go:192.2,194.12 3 0
github.com/TrebuchetDynamics/polygolem/internal/stream/client.go:197.36,199.6 2 0
github.com/TrebuchetDynamics/polygolem/internal/stream/client.go:199.6,200.10 1 0
github.com/TrebuchetDynamics/polygolem/internal/stream/client.go:201.24,202.10 1 0
github.com/TrebuchetDynamics/polygolem/internal/stream/client.go:203.11,203.11 0 0
github.com/TrebuchetDynamics/polygolem/internal/stream/client.go:205.3,206.17 2 0
github.com/TrebuchetDynamics/polygolem/internal/stream/client.go:206.17,207.25 1 0
github.com/TrebuchetDynamics/polygolem/internal/stream/client.go:207.25,209.5 1 0
github.com/TrebuchetDynamics/polygolem/internal/stream/client.go:210.4,212.10 3 0
github.com/TrebuchetDynamics/polygolem/internal/stream/client.go:214.3,214.19 1 0
github.com/TrebuchetDynamics/polygolem/internal/stream/client.go:218.46,220.22 1 0
github.com/TrebuchetDynamics/polygolem/internal/stream/client.go:220.22,222.68 2 0
github.com/TrebuchetDynamics/polygolem/internal/stream/client.go:222.68,225.4 2 0
github.com/TrebuchetDynamics/polygolem/internal/stream/client.go:227.2,227.29 1 0
github.com/TrebuchetDynamics/polygolem/internal/stream/client.go:227.29,229.72 2 0
github.com/TrebuchetDynamics/polygolem/internal/stream/client.go:229.72,232.4 2 0
github.com/TrebuchetDynamics/polygolem/internal/stream/client.go:234.2,234.27 1 0
github.com/TrebuchetDynamics/polygolem/internal/stream/client.go:234.27,236.76 2 0
github.com/TrebuchetDynamics/polygolem/internal/stream/client.go:236.76,239.4 2 0
github.com/TrebuchetDynamics/polygolem/internal/stream/client.go:241.2,241.32 1 0
github.com/TrebuchetDynamics/polygolem/internal/stream/client.go:241.32,243.80 2 0
github.com/TrebuchetDynamics/polygolem/internal/stream/client.go:243.80,246.4 2 0
github.com/TrebuchetDynamics/polygolem/internal/stream/client.go:248.2,248.28 1 0
github.com/TrebuchetDynamics/polygolem/internal/stream/client.go:248.28,250.76 2 0
github.com/TrebuchetDynamics/polygolem/internal/stream/client.go:250.76,253.4 2 0
github.com/TrebuchetDynamics/polygolem/internal/stream/client.go:255.2,255.27 1 0
github.com/TrebuchetDynamics/polygolem/internal/stream/client.go:255.27,257.78 2 0
github.com/TrebuchetDynamics/polygolem/internal/stream/client.go:257.78,260.4 2 0
github.com/TrebuchetDynamics/polygolem/internal/stream/client.go:262.2,262.32 1 0
github.com/TrebuchetDynamics/polygolem/internal/stream/client.go:262.32,264.87 2 0
github.com/TrebuchetDynamics/polygolem/internal/stream/client.go:264.87,267.4 2 0
github.com/TrebuchetDynamics/polygolem/internal/stream/client.go:271.36,274.6 3 0
github.com/TrebuchetDynamics/polygolem/internal/stream/client.go:274.6,275.10 1 0
github.com/TrebuchetDynamics/polygolem/internal/stream/client.go:276.24,277.10 1 0
github.com/TrebuchetDynamics/polygolem/internal/stream/client.go:278.19,280.22 2 0
github.com/TrebuchetDynamics/polygolem/internal/stream/client.go:280.22,282.5 1 0
github.com/TrebuchetDynamics/polygolem/internal/stream/client.go:283.4,283.18 1 0
[...]
github.com/TrebuchetDynamics/polygolem/internal/clob/orders.go:592.30,594.15 2 1
github.com/TrebuchetDynamics/polygolem/internal/clob/orders.go:594.15,596.4 1 1
github.com/TrebuchetDynamics/polygolem/internal/clob/orders.go:598.2,598.12 1 1
github.com/TrebuchetDynamics/polygolem/internal/clob/orders.go:601.135,603.16 2 1
github.com/TrebuchetDynamics/polygolem/internal/clob/orders.go:603.16,605.3 1 0
github.com/TrebuchetDynamics/polygolem/internal/clob/orders.go:606.2,606.19 1 1
github.com/TrebuchetDynamics/polygolem/internal/clob/orders.go:606.19,608.3 1 0
github.com/TrebuchetDynamics/polygolem/internal/clob/orders.go:609.2,610.16 2 1
github.com/TrebuchetDynamics/polygolem/internal/clob/orders.go:610.16,612.3 1 0
github.com/TrebuchetDynamics/polygolem/internal/clob/orders.go:613.2,614.16 2 1
github.com/TrebuchetDynamics/polygolem/internal/clob/orders.go:614.16,616.3 1 0
github.com/TrebuchetDynamics/polygolem/internal/clob/orders.go:617.2,617.24 1 1
github.com/TrebuchetDynamics/polygolem/internal/clob/orders.go:617.24,619.3 1 0
github.com/TrebuchetDynamics/polygolem/internal/clob/orders.go:620.2,621.16 2 1
github.com/TrebuchetDynamics/polygolem/internal/clob/orders.go:621.16,623.3 1 0
github.com/TrebuchetDynamics/polygolem/internal/clob/orders.go:624.2,626.43 3 1
github.com/TrebuchetDynamics/polygolem/internal/clob/orders.go:626.43,628.17 2 1
github.com/TrebuchetDynamics/polygolem/internal/clob/orders.go:628.17,630.4 1 0
github.com/TrebuchetDynamics/polygolem/internal/clob/orders.go:631.8,633.17 2 0
github.com/TrebuchetDynamics/polygolem/internal/clob/orders.go:633.17,635.4 1 0
github.com/TrebuchetDynamics/polygolem/internal/clob/orders.go:637.2,637.23 1 1
github.com/TrebuchetDynamics/polygolem/internal/clob/orders.go:637.23,639.3 1 0
github.com/TrebuchetDynamics/polygolem/internal/clob/orders.go:641.2,642.23 2 1
github.com/TrebuchetDynamics/polygolem/internal/clob/orders.go:642.23,644.3 1 0
github.com/TrebuchetDynamics/polygolem/internal/clob/orders.go:645.2,654.51 4 1
github.com/TrebuchetDynamics/polygolem/internal/clob/orders.go:657.126,659.16 2 1
github.com/TrebuchetDynamics/polygolem/internal/clob/orders.go:659.16,661.3 1 0
github.com/TrebuchetDynamics/polygolem/internal/clob/orders.go:662.2,663.16 2 1
github.com/TrebuchetDynamics/polygolem/internal/clob/orders.go:663.16,665.3 1 0
github.com/TrebuchetDynamics/polygolem/internal/clob/orders.go:666.2,667.16 2 1
github.com/TrebuchetDynamics/polygolem/internal/clob/orders.go:667.16,669.3 1 0
github.com/TrebuchetDynamics/polygolem/internal/clob/orders.go:670.2,672.16 3 1
github.com/TrebuchetDynamics/polygolem/internal/clob/orders.go:672.16,674.3 1 0
github.com/TrebuchetDynamics/polygolem/internal/clob/orders.go:675.2,685.75 2 1
github.com/TrebuchetDynamics/polygolem/internal/clob/orders.go:688.159,690.16 2 1
github.com/TrebuchetDynamics/polygolem/internal/clob/orders.go:690.16,692.3 1 0
github.com/TrebuchetDynamics/polygolem/internal/clob/orders.go:693.2,695.16 3 1
github.com/TrebuchetDynamics/polygolem/internal/clob/orders.go:695.16,697.3 1 0
github.com/TrebuchetDynamics/polygolem/internal/clob/orders.go:698.2,699.94 2 1
github.com/TrebuchetDynamics/polygolem/internal/clob/orders.go:699.94,701.3 1 0
github.com/TrebuchetDynamics/polygolem/internal/clob/orders.go:702.2,702.21 1 1
github.com/TrebuchetDynamics/polygolem/internal/clob/orders.go:705.107,708.16 3 1
github.com/TrebuchetDynamics/polygolem/internal/clob/orders.go:708.16,710.3 1 0
github.com/TrebuchetDynamics/polygolem/internal/clob/orders.go:711.2,711.38 1 1
github.com/TrebuchetDynamics/polygolem/internal/clob/orders.go:716.85,718.26 2 1
github.com/TrebuchetDynamics/polygolem/internal/clob/orders.go:718.26,720.3 1 1
github.com/TrebuchetDynamics/polygolem/internal/clob/orders.go:721.2,722.13 2 1
github.com/TrebuchetDynamics/polygolem/internal/clob/orders.go:722.13,724.3 1 1
github.com/TrebuchetDynamics/polygolem/internal/clob/orders.go:725.2,771.3 5 1
github.com/TrebuchetDynamics/polygolem/internal/clob/orders.go:780.132,783.16 3 1
github.com/TrebuchetDynamics/polygolem/internal/clob/orders.go:783.16,785.3 1 0
github.com/TrebuchetDynamics/polygolem/internal/clob/orders.go:786.2,787.24 2 1
github.com/TrebuchetDynamics/polygolem/internal/clob/orders.go:787.24,789.3 1 0
github.com/TrebuchetDynamics/polygolem/internal/clob/orders.go:790.2,793.111 4 1
github.com/TrebuchetDynamics/polygolem/internal/clob/orders.go:801.135,803.16 2 1
github.com/TrebuchetDynamics/polygolem/internal/clob/orders.go:803.16,805.3 1 1
github.com/TrebuchetDynamics/polygolem/internal/clob/orders.go:806.2,807.16 2 1
github.com/TrebuchetDynamics/polygolem/internal/clob/orders.go:807.16,809.3 1 0
github.com/TrebuchetDynamics/polygolem/internal/clob/orders.go:810.2,811.16 2 1
github.com/TrebuchetDynamics/polygolem/internal/clob/orders.go:811.16,813.3 1 0
github.com/TrebuchetDynamics/polygolem/internal/clob/orders.go:814.2,830.16 4 1
github.com/TrebuchetDynamics/polygolem/internal/clob/orders.go:830.16,832.3 1 0
github.com/TrebuchetDynamics/polygolem/internal/clob/orders.go:833.2,834.21 2 1
github.com/TrebuchetDynamics/polygolem/internal/clob/orders.go:837.63,839.17 2 1
github.com/TrebuchetDynamics/polygolem/internal/clob/orders.go:839.17,841.3 1 1
github.com/TrebuchetDynamics/polygolem/internal/clob/orders.go:842.2,842.37 1 1
github.com/TrebuchetDynamics/polygolem/internal/clob/orders.go:842.37,844.3 1 0
github.com/TrebuchetDynamics/polygolem/internal/clob/orders.go:845.2,846.25 2 1
github.com/TrebuchetDynamics/polygolem/internal/clob/orders.go:846.25,848.3 1 1
github.com/TrebuchetDynamics/polygolem/internal/clob/orders.go:849.2,849.54 1 1
github.com/TrebuchetDynamics/polygolem/internal/clob/orders.go:849.54,851.3 1 0
github.com/TrebuchetDynamics/polygolem/internal/clob/orders.go:852.2,852.46 1 1
github.com/TrebuchetDynamics/polygolem/internal/clob/orders.go:855.131,857.16 2 0
github.com/TrebuchetDynamics/polygolem/internal/clob/orders.go:857.16,859.3 1 0
github.com/TrebuchetDynamics/polygolem/internal/clob/orders.go:860.2,861.19 2 0
github.com/TrebuchetDynamics/polygolem/internal/clob/orders.go:861.19,863.3 1 0
github.com/TrebuchetDynamics/polygolem/internal/clob/orders.go:863.8,865.3 1 0
github.com/TrebuchetDynamics/polygolem/internal/clob/orders.go:866.2,866.22 1 0
github.com/TrebuchetDynamics/polygolem/internal/clob/orders.go:866.22,868.3 1 0
github.com/TrebuchetDynamics/polygolem/internal/clob/orders.go:869.2,870.31 2 0
github.com/TrebuchetDynamics/polygolem/internal/clob/orders.go:870.31,872.17 2 0
github.com/TrebuchetDynamics/polygolem/internal/clob/orders.go:872.17,874.4 1 0
github.com/TrebuchetDynamics/polygolem/internal/clob/orders.go:875.3,876.17 2 0
github.com/TrebuchetDynamics/polygolem/internal/clob/orders.go:876.17,878.4 1 0
github.com/TrebuchetDynamics/polygolem/internal/clob/orders.go:879.3,880.27 2 0
github.com/TrebuchetDynamics/polygolem/internal/clob/orders.go:880.27,882.4 1 0
github.com/TrebuchetDynamics/polygolem/internal/clob/orders.go:884.2,884.24 1 0
github.com/TrebuchetDynamics/polygolem/internal/clob/orders.go:884.24,886.3 1 0
github.com/TrebuchetDynamics/polygolem/internal/clob/orders.go:887.2,887.49 1 0
github.com/TrebuchetDynamics/polygolem/internal/clob/orders.go:890.93,892.19 2 1
github.com/TrebuchetDynamics/polygolem/internal/clob/orders.go:892.19,894.3 1 1
github.com/TrebuchetDynamics/polygolem/internal/clob/orders.go:895.2,895.57 1 1
github.com/TrebuchetDynamics/polygolem/internal/clob/orders.go:898.56,902.2 3 1
github.com/TrebuchetDynamics/polygolem/internal/clob/orders.go:904.57,905.18 1 1
github.com/TrebuchetDynamics/polygolem/internal/clob/orders.go:905.18,907.3 1 0
github.com/TrebuchetDynamics/polygolem/internal/clob/orders.go:908.2,911.48 4 1
github.com/TrebuchetDynamics/polygolem/internal/clob/orders.go:914.78,916.39 2 1
github.com/TrebuchetDynamics/polygolem/internal/clob/orders.go:916.39,918.3 1 1
github.com/TrebuchetDynamics/polygolem/internal/clob/orders.go:919.2,920.16 2 0
github.com/TrebuchetDynamics/polygolem/internal/clob/orders.go:920.16,922.3 1 0
github.com/TrebuchetDynamics/polygolem/internal/clob/orders.go:923.2,923.41 1 0
github.com/TrebuchetDynamics/polygolem/internal/clob/orders.go:923.41,925.3 1 0
github.com/TrebuchetDynamics/polygolem/internal/clob/orders.go:926.2,926.12 1 0
github.com/TrebuchetDynamics/polygolem/internal/clob/orders.go:929.85,931.19 2 1
github.com/TrebuchetDynamics/polygolem/internal/clob/orders.go:931.19,933.3 1 0
github.com/TrebuchetDynamics/polygolem/internal/clob/orders.go:934.2,935.16 2 1
github.com/TrebuchetDynamics/polygolem/internal/clob/orders.go:935.16,937.3 1 0
github.com/TrebuchetDynamics/polygolem/internal/clob/orders.go:938.2,938.90 1 1
github.com/TrebuchetDynamics/polygolem/internal/clob/orders.go:938.90,940.3 1 0
github.com/TrebuchetDynamics/polygolem/internal/clob/orders.go:941.2,941.49 1 1
github.com/TrebuchetDynamics/polygolem/internal/clob/orders.go:941.49,943.3 1 0
github.com/TrebuchetDynamics/polygolem/internal/clob/orders.go:944.2,944.12 1 1
github.com/TrebuchetDynamics/polygolem/internal/clob/orders.go:947.36,949.50 2 1
github.com/TrebuchetDynamics/polygolem/internal/clob/orders.go:949.50,951.3 1 1
github.com/TrebuchetDynamics/polygolem/internal/clob/orders.go:952.2,952.10 1 0
github.com/TrebuchetDynamics/polygolem/internal/clob/orders.go:955.59,958.15 3 1
github.com/TrebuchetDynamics/polygolem/internal/clob/orders.go:958.15,960.3 1 0
github.com/TrebuchetDynamics/polygolem/internal/clob/orders.go:961.2,961.40 1 1
github.com/TrebuchetDynamics/polygolem/internal/clob/orders.go:961.40,963.3 1 0
github.com/TrebuchetDynamics/polygolem/internal/clob/orders.go:964.2,964.19 1 1
github.com/TrebuchetDynamics/polygolem/internal/clob/orders.go:967.49,970.43 3 1
github.com/TrebuchetDynamics/polygolem/internal/clob/orders.go:970.43,972.3 1 0
github.com/TrebuchetDynamics/polygolem/internal/clob/orders.go:973.2,973.19 1 1
github.com/TrebuchetDynamics/polygolem/internal/clob/orders.go:976.53,977.49 1 1
github.com/TrebuchetDynamics/polygolem/internal/clob/orders.go:978.18,979.20 1 1
github.com/TrebuchetDynamics/polygolem/internal/clob/orders.go:980.19,981.21 1 1
github.com/TrebuchetDynamics/polygolem/internal/clob/orders.go:982.10,983.52 1 0
github.com/TrebuchetDynamics/polygolem/internal/clob/orders.go:987.61,989.17 2 1
github.com/TrebuchetDynamics/polygolem/internal/clob/orders.go:989.17,991.3 1 1
github.com/TrebuchetDynamics/polygolem/internal/clob/orders.go:992.2,992.15 1 1
github.com/TrebuchetDynamics/polygolem/internal/clob/orders.go:993.34,994.15 1 1
github.com/TrebuchetDynamics/polygolem/internal/clob/orders.go:995.10,996.18 1 1
github.com/TrebuchetDynamics/polygolem/internal/clob/orders.go:1000.42,1002.45 2 1
github.com/TrebuchetDynamics/polygolem/internal/clob/orders.go:1002.45,1004.3 1 0
github.com/TrebuchetDynamics/polygolem/internal/clob/orders.go:1005.2,1005.63 1 1
github.com/TrebuchetDynamics/polygolem/pkg/universal/client.go:71.29,77.2 1 1
github.com/TrebuchetDynamics/polygolem/pkg/universal/client.go:81.36,82.28 1 1
github.com/TrebuchetDynamics/polygolem/pkg/universal/client.go:82.28,84.3 1 1
github.com/TrebuchetDynamics/polygolem/pkg/universal/client.go:85.2,85.27 1 1
github.com/TrebuchetDynamics/polygolem/pkg/universal/client.go:85.27,87.3 1 1
github.com/TrebuchetDynamics/polygolem/pkg/universal/client.go:88.2,88.27 1 1
github.com/TrebuchetDynamics/polygolem/pkg/universal/client.go:88.27,90.3 1 1
github.com/TrebuchetDynamics/polygolem/pkg/universal/client.go:92.2,108.3 6 1
github.com/TrebuchetDynamics/polygolem/pkg/universal/client.go:112.77,114.2 1 1
github.com/TrebuchetDynamics/polygolem/pkg/universal/client.go:117.103,119.2 1 0
github.com/TrebuchetDynamics/polygolem/pkg/universal/client.go:122.84,124.2 1 0
github.com/TrebuchetDynamics/polygolem/pkg/universal/client.go:127.88,129.2 1 0
github.com/TrebuchetDynamics/polygolem/pkg/universal/client.go:132.100,134.2 1 0
github.com/TrebuchetDynamics/polygolem/pkg/universal/client.go:137.82,139.2 1 0
github.com/TrebuchetDynamics/polygolem/pkg/universal/client.go:142.86,144.2 1 0
github.com/TrebuchetDynamics/polygolem/pkg/universal/client.go:147.105,149.2 1 1
github.com/TrebuchetDynamics/polygolem/pkg/universal/client.go:152.101,154.2 1 0
github.com/TrebuchetDynamics/polygolem/pkg/universal/client.go:157.94,159.2 1 0
github.com/TrebuchetDynamics/polygolem/pkg/universal/client.go:162.85,164.2 1 0
github.com/TrebuchetDynamics/polygolem/pkg/universal/client.go:167.101,169.2 1 0
github.com/TrebuchetDynamics/polygolem/pkg/universal/client.go:172.93,174.2 1 0
github.com/TrebuchetDynamics/polygolem/pkg/universal/client.go:177.91,179.2 1 0
github.com/TrebuchetDynamics/polygolem/pkg/universal/client.go:182.84,184.2 1 0
github.com/TrebuchetDynamics/polygolem/pkg/universal/client.go:187.78,189.2 1 0
github.com/TrebuchetDynamics/polygolem/pkg/universal/client.go:192.82,194.2 1 0
github.com/TrebuchetDynamics/polygolem/pkg/universal/client.go:197.102,199.2 1 0
github.com/TrebuchetDynamics/polygolem/pkg/universal/client.go:202.103,204.2 1 0
github.com/TrebuchetDynamics/polygolem/pkg/universal/client.go:207.97,209.2 1 0
github.com/TrebuchetDynamics/polygolem/pkg/universal/client.go:212.86,214.2 1 0
github.com/TrebuchetDynamics/polygolem/pkg/universal/client.go:217.110,219.2 1 0
github.com/TrebuchetDynamics/polygolem/pkg/universal/client.go:222.99,224.2 1 0
github.com/TrebuchetDynamics/polygolem/pkg/universal/client.go:227.91,229.2 1 0
github.com/TrebuchetDynamics/polygolem/pkg/universal/client.go:232.107,234.2 1 0
github.com/TrebuchetDynamics/polygolem/pkg/universal/client.go:237.111,239.2 1 0
github.com/TrebuchetDynamics/polygolem/pkg/universal/client.go:242.113,244.2 1 0
github.com/TrebuchetDynamics/polygolem/pkg/universal/client.go:249.100,251.2 1 1
github.com/TrebuchetDynamics/polygolem/pkg/universal/client.go:254.103,256.2 1 1
github.com/TrebuchetDynamics/polygolem/pkg/universal/client.go:259.100,261.2 1 0
github.com/TrebuchetDynamics/polygolem/pkg/universal/client.go:264.118,266.2 1 0
github.com/TrebuchetDynamics/polygolem/pkg/universal/client.go:269.129,271.2 1 1
github.com/TrebuchetDynamics/polygolem/pkg/universal/client.go:274.107,276.2 1 0
github.com/TrebuchetDynamics/polygolem/pkg/universal/client.go:279.145,281.2 1 1
github.com/TrebuchetDynamics/polygolem/pkg/universal/client.go:290.103,292.2 1 1
github.com/TrebuchetDynamics/polygolem/pkg/universal/client.go:297.127,299.2 1 0
github.com/TrebuchetDynamics/polygolem/pkg/universal/client.go:303.119,305.2 1 1
github.com/TrebuchetDynamics/polygolem/pkg/universal/client.go:310.102,312.2 1 0
github.com/TrebuchetDynamics/polygolem/pkg/universal/client.go:317.95,319.2 1 1
github.com/TrebuchetDynamics/polygolem/pkg/universal/client.go:324.119,326.2 1 1
github.com/TrebuchetDynamics/polygolem/pkg/universal/client.go:330.157,332.2 1 1
github.com/TrebuchetDynamics/polygolem/pkg/universal/client.go:336.163,338.2 1 1
github.com/TrebuchetDynamics/polygolem/pkg/universal/client.go:343.150,345.2 1 1
github.com/TrebuchetDynamics/polygolem/pkg/universal/client.go:348.149,350.2 1 1
github.com/TrebuchetDynamics/polygolem/pkg/universal/client.go:354.151,356.2 1 1
github.com/TrebuchetDynamics/polygolem/pkg/universal/client.go:359.87,361.2 1 1
github.com/TrebuchetDynamics/polygolem/pkg/universal/client.go:365.115,367.2 1 0
github.com/TrebuchetDynamics/polygolem/pkg/universal/client.go:373.85,375.2 1 1
github.com/TrebuchetDynamics/polygolem/pkg/universal/client.go:379.82,381.2 1 1
github.com/TrebuchetDynamics/polygolem/pkg/universal/client.go:385.88,387.2 1 1
github.com/TrebuchetDynamics/polygolem/pkg/universal/client.go:392.88,394.2 1 1
github.com/TrebuchetDynamics/polygolem/pkg/universal/client.go:397.97,399.2 1 1
github.com/TrebuchetDynamics/polygolem/pkg/universal/client.go:403.99,405.2 1 1
github.com/TrebuchetDynamics/polygolem/pkg/universal/client.go:408.100,410.2 1 1
github.com/TrebuchetDynamics/polygolem/pkg/universal/client.go:413.96,415.2 1 1
github.com/TrebuchetDynamics/polygolem/pkg/universal/client.go:419.144,421.2 1 1
github.com/TrebuchetDynamics/polygolem/pkg/universal/client.go:424.84,426.2 1 1
github.com/TrebuchetDynamics/polygolem/pkg/universal/client.go:431.113,433.2 1 0
github.com/TrebuchetDynamics/polygolem/pkg/universal/client.go:436.111,438.2 1 0
github.com/TrebuchetDynamics/polygolem/pkg/universal/client.go:441.121,443.2 1 0
github.com/TrebuchetDynamics/polygolem/pkg/universal/client.go:448.100,450.2 1 0
github.com/TrebuchetDynamics/polygolem/pkg/universal/client.go:453.120,455.2 1 0
github.com/TrebuchetDynamics/polygolem/pkg/universal/client.go:458.101,460.2 1 0
github.com/TrebuchetDynamics/polygolem/pkg/universal/client.go:463.95,465.2 1 1
github.com/TrebuchetDynamics/polygolem/pkg/universal/client.go:468.112,470.2 1 0
github.com/TrebuchetDynamics/polygolem/pkg/universal/client.go:473.83,475.2 1 0
github.com/TrebuchetDynamics/polygolem/pkg/universal/client.go:478.104,480.2 1 0
github.com/TrebuchetDynamics/polygolem/pkg/universal/client.go:483.80,485.2 1 0
github.com/TrebuchetDynamics/polygolem/pkg/universal/client.go:488.107,490.2 1 0
github.com/TrebuchetDynamics/polygolem/pkg/universal/client.go:493.78,495.2 1 0
github.com/TrebuchetDynamics/polygolem/pkg/universal/client.go:498.93,500.2 1 0
github.com/TrebuchetDynamics/polygolem/pkg/universal/client.go:503.95,505.2 1 0
github.com/TrebuchetDynamics/polygolem/pkg/universal/client.go:508.79,510.2 1 0
github.com/TrebuchetDynamics/polygolem/pkg/universal/client.go:513.86,515.2 1 0
github.com/TrebuchetDynamics/polygolem/pkg/universal/client.go:518.114,520.2 1 0
github.com/TrebuchetDynamics/polygolem/pkg/universal/client.go:523.124,525.2 1 0
github.com/TrebuchetDynamics/polygolem/pkg/universal/client.go:528.107,530.2 1 0
github.com/TrebuchetDynamics/polygolem/pkg/universal/client.go:533.97,535.2 1 0
github.com/TrebuchetDynamics/polygolem/pkg/universal/client.go:538.115,540.2 1 0
github.com/TrebuchetDynamics/polygolem/pkg/universal/client.go:543.95,545.2 1 0
github.com/TrebuchetDynamics/polygolem/pkg/universal/client.go:548.115,550.2 1 1
github.com/TrebuchetDynamics/polygolem/pkg/universal/client.go:553.93,555.2 1 0
github.com/TrebuchetDynamics/polygolem/pkg/universal/client.go:558.98,560.2 1 0
github.com/TrebuchetDynamics/polygolem/pkg/universal/client.go:563.100,565.2 1 0
github.com/TrebuchetDynamics/polygolem/pkg/universal/client.go:568.94,570.2 1 0
github.com/TrebuchetDynamics/polygolem/pkg/universal/client.go:573.96,575.2 1 0
github.com/TrebuchetDynamics/polygolem/pkg/universal/client.go:578.100,580.2 1 0
github.com/TrebuchetDynamics/polygolem/pkg/universal/client.go:583.98,585.2 1 1
github.com/TrebuchetDynamics/polygolem/pkg/universal/client.go:588.102,590.2 1 0
github.com/TrebuchetDynamics/polygolem/pkg/universal/client.go:593.116,595.2 1 0
github.com/TrebuchetDynamics/polygolem/pkg/universal/client.go:598.108,600.2 1 0
github.com/TrebuchetDynamics/polygolem/pkg/universal/client.go:603.57,605.2 1 1
github.com/TrebuchetDynamics/polygolem/pkg/universal/client.go:608.87,610.2 1 0
github.com/TrebuchetDynamics/polygolem/pkg/universal/client.go:614.75,618.52 3 1
github.com/TrebuchetDynamics/polygolem/pkg/universal/client.go:618.52,620.3 1 1
github.com/TrebuchetDynamics/polygolem/pkg/universal/client.go:620.8,622.3 1 1
github.com/TrebuchetDynamics/polygolem/pkg/universal/client.go:624.2,624.43 1 1
github.com/TrebuchetDynamics/polygolem/pkg/universal/client.go:624.43,626.3 1 1
github.com/TrebuchetDynamics/polygolem/pkg/universal/client.go:626.8,628.3 1 1
github.com/TrebuchetDynamics/polygolem/pkg/universal/client.go:630.2,630.43 1 1
github.com/TrebuchetDynamics/polygolem/pkg/universal/client.go:630.43,632.3 1 1
github.com/TrebuchetDynamics/polygolem/pkg/universal/client.go:632.8,634.3 1 1
github.com/TrebuchetDynamics/polygolem/pkg/universal/client.go:636.2,636.20 1 1
github.com/TrebuchetDynamics/polygolem/pkg/universal/client.go:636.20,638.3 1 1
github.com/TrebuchetDynamics/polygolem/pkg/universal/client.go:639.2,639.18 1 1
github.com/TrebuchetDynamics/polygolem/pkg/universal/client.go:651.62,653.2 1 0
